٢٠٢٢-٠٦-٠٤ ١٠:٠٩:١٤.٤٨٩  INFO 1444 --- [main] c.e.s.SpringProjectApplication           : Starting SpringProjectApplication using Java 17.0.2 on MBPalkhasbrenad with PID 1444 (/Users/renad/Desktop/SpringProject/target/classes started by renad in /Users/renad/Desktop/SpringProject)
٢٠٢٢-٠٦-٠٤ ١٠:٠٩:١٤.٤٩١  INFO 1444 --- [main] c.e.s.SpringProjectApplication           : No active profile set, falling back to 1 default profile: "default"
٢٠٢٢-٠٦-٠٤ ١٠:٠٩:١٥.٠٨٦  INFO 1444 --- [main] .s.d.r.c.RepositoryConfigurationDelegate : Bootstrapping Spring Data JPA repositories in DEFAULT mode.
٢٠٢٢-٠٦-٠٤ ١٠:٠٩:١٥.١٦١  INFO 1444 --- [main] .s.d.r.c.RepositoryConfigurationDelegate : Finished Spring Data repository scanning in 58 ms. Found 3 JPA repository interfaces.
٢٠٢٢-٠٦-٠٤ ١٠:٠٩:١٥.٧٧٩  INFO 1444 --- [main] o.s.b.w.embedded.tomcat.TomcatWebServer  : Tomcat initialized with port(s): 8080 (http)
٢٠٢٢-٠٦-٠٤ ١٠:٠٩:١٥.٧٩٠  INFO 1444 --- [main] o.apache.catalina.core.StandardService   : Starting service [Tomcat]
٢٠٢٢-٠٦-٠٤ ١٠:٠٩:١٥.٧٩١  INFO 1444 --- [main] org.apache.catalina.core.StandardEngine  : Starting Servlet engine: [Apache Tomcat/9.0.63]
٢٠٢٢-٠٦-٠٤ ١٠:٠٩:١٥.٨٨٨  INFO 1444 --- [main] o.a.c.c.C.[Tomcat].[localhost].[/]       : Initializing Spring embedded WebApplicationContext
٢٠٢٢-٠٦-٠٤ ١٠:٠٩:١٥.٨٨٨  INFO 1444 --- [main] w.s.c.ServletWebServerApplicationContext : Root WebApplicationContext: initialization completed in 1359 ms
٢٠٢٢-٠٦-٠٤ ١٠:٠٩:١٦.٠٠٧  INFO 1444 --- [main] o.hibernate.jpa.internal.util.LogHelper  : HHH000204: Processing PersistenceUnitInfo [name: default]
٢٠٢٢-٠٦-٠٤ ١٠:٠٩:١٦.٠٦٩  INFO 1444 --- [main] org.hibernate.Version                    : HHH000412: Hibernate ORM core version 5.6.9.Final
٢٠٢٢-٠٦-٠٤ ١٠:٠٩:١٦.٢٦٧  INFO 1444 --- [main] o.hibernate.annotations.common.Version   : HCANN000001: Hibernate Commons Annotations {5.1.2.Final}
٢٠٢٢-٠٦-٠٤ ١٠:٠٩:١٦.٣٦٨  INFO 1444 --- [main] com.zaxxer.hikari.HikariDataSource       : HikariPool-1 - Starting...
٢٠٢٢-٠٦-٠٤ ١٠:٠٩:١٦.٦٤٠  INFO 1444 --- [main] com.zaxxer.hikari.HikariDataSource       : HikariPool-1 - Start completed.
٢٠٢٢-٠٦-٠٤ ١٠:٠٩:١٦.٦٥٥  INFO 1444 --- [main] org.hibernate.dialect.Dialect            : HHH000400: Using dialect: org.hibernate.dialect.MySQL5InnoDBDialect
٢٠٢٢-٠٦-٠٤ ١٠:٠٩:١٧.٣٥١  INFO 1444 --- [main] o.h.e.t.j.p.i.JtaPlatformInitiator       : HHH000490: Using JtaPlatform implementation: [org.hibernate.engine.transaction.jta.platform.internal.NoJtaPlatform]
٢٠٢٢-٠٦-٠٤ ١٠:٠٩:١٧.٣٥٨  INFO 1444 --- [main] j.LocalContainerEntityManagerFactoryBean : Initialized JPA EntityManagerFactory for persistence unit 'default'
٢٠٢٢-٠٦-٠٤ ١٠:٠٩:١٧.٦٨٠  WARN 1444 --- [main] JpaBaseConfiguration$JpaWebConfiguration : spring.jpa.open-in-view is enabled by default. Therefore, database queries may be performed during view rendering. Explicitly configure spring.jpa.open-in-view to disable this warning
٢٠٢٢-٠٦-٠٤ ١٠:٠٩:١٧.٩٧٢  INFO 1444 --- [main] o.s.b.w.embedded.tomcat.TomcatWebServer  : Tomcat started on port(s): 8080 (http) with context path ''
٢٠٢٢-٠٦-٠٤ ١٠:٠٩:١٧.٩٨١  INFO 1444 --- [main] c.e.s.SpringProjectApplication           : Started SpringProjectApplication in 3.791 seconds (JVM running for 4.425)
٢٠٢٢-٠٦-٠٤ ١٠:١٣:٤٢.٦١٧  INFO 1444 --- [SpringApplicationShutdownHook] j.LocalContainerEntityManagerFactoryBean : Closing JPA EntityManagerFactory for persistence unit 'default'
٢٠٢٢-٠٦-٠٤ ١٠:١٣:٤٢.٦٢٠  INFO 1444 --- [SpringApplicationShutdownHook] .SchemaDropperImpl$DelayedDropActionImpl : HHH000477: Starting delayed evictData of schema as part of SessionFactory shut-down'
٢٠٢٢-٠٦-٠٤ ١٠:١٣:٤٢.٦٤٢  INFO 1444 --- [SpringApplicationShutdownHook] com.zaxxer.hikari.HikariDataSource       : HikariPool-1 - Shutdown initiated...
٢٠٢٢-٠٦-٠٤ ١٠:١٣:٤٢.٦٤٩  INFO 1444 --- [SpringApplicationShutdownHook] com.zaxxer.hikari.HikariDataSource       : HikariPool-1 - Shutdown completed.
٢٠٢٢-٠٦-٠٤ ١٠:١٣:٤٨.٤٥٢  INFO 1505 --- [main] c.e.s.SpringProjectApplication           : Starting SpringProjectApplication using Java 17.0.2 on MBPalkhasbrenad with PID 1505 (/Users/renad/Desktop/SpringProject/target/classes started by renad in /Users/renad/Desktop/SpringProject)
٢٠٢٢-٠٦-٠٤ ١٠:١٣:٤٨.٤٦٣  INFO 1505 --- [main] c.e.s.SpringProjectApplication           : No active profile set, falling back to 1 default profile: "default"
٢٠٢٢-٠٦-٠٤ ١٠:١٣:٤٩.٤٢٤  INFO 1505 --- [main] .s.d.r.c.RepositoryConfigurationDelegate : Bootstrapping Spring Data JPA repositories in DEFAULT mode.
٢٠٢٢-٠٦-٠٤ ١٠:١٣:٤٩.٤٨٢  INFO 1505 --- [main] .s.d.r.c.RepositoryConfigurationDelegate : Finished Spring Data repository scanning in 46 ms. Found 3 JPA repository interfaces.
٢٠٢٢-٠٦-٠٤ ١٠:١٣:٥٠.٠٨٤  INFO 1505 --- [main] o.s.b.w.embedded.tomcat.TomcatWebServer  : Tomcat initialized with port(s): 8080 (http)
٢٠٢٢-٠٦-٠٤ ١٠:١٣:٥٠.٠٩٦  INFO 1505 --- [main] o.apache.catalina.core.StandardService   : Starting service [Tomcat]
٢٠٢٢-٠٦-٠٤ ١٠:١٣:٥٠.٠٩٧  INFO 1505 --- [main] org.apache.catalina.core.StandardEngine  : Starting Servlet engine: [Apache Tomcat/9.0.63]
٢٠٢٢-٠٦-٠٤ ١٠:١٣:٥٠.٢١١  INFO 1505 --- [main] o.a.c.c.C.[Tomcat].[localhost].[/]       : Initializing Spring embedded WebApplicationContext
٢٠٢٢-٠٦-٠٤ ١٠:١٣:٥٠.٢١١  INFO 1505 --- [main] w.s.c.ServletWebServerApplicationContext : Root WebApplicationContext: initialization completed in 1668 ms
٢٠٢٢-٠٦-٠٤ ١٠:١٣:٥٠.٣٨٦  INFO 1505 --- [main] o.hibernate.jpa.internal.util.LogHelper  : HHH000204: Processing PersistenceUnitInfo [name: default]
٢٠٢٢-٠٦-٠٤ ١٠:١٣:٥٠.٤٤٤  INFO 1505 --- [main] org.hibernate.Version                    : HHH000412: Hibernate ORM core version 5.6.9.Final
٢٠٢٢-٠٦-٠٤ ١٠:١٣:٥٠.٥٩٩  INFO 1505 --- [main] o.hibernate.annotations.common.Version   : HCANN000001: Hibernate Commons Annotations {5.1.2.Final}
٢٠٢٢-٠٦-٠٤ ١٠:١٣:٥٠.٧١٣  INFO 1505 --- [main] com.zaxxer.hikari.HikariDataSource       : HikariPool-1 - Starting...
٢٠٢٢-٠٦-٠٤ ١٠:١٣:٥١.١٠٢  INFO 1505 --- [main] com.zaxxer.hikari.HikariDataSource       : HikariPool-1 - Start completed.
٢٠٢٢-٠٦-٠٤ ١٠:١٣:٥١.١١٣  INFO 1505 --- [main] org.hibernate.dialect.Dialect            : HHH000400: Using dialect: org.hibernate.dialect.MySQL5InnoDBDialect
٢٠٢٢-٠٦-٠٤ ١٠:١٣:٥١.٩٣٤  INFO 1505 --- [main] o.h.e.t.j.p.i.JtaPlatformInitiator       : HHH000490: Using JtaPlatform implementation: [org.hibernate.engine.transaction.jta.platform.internal.NoJtaPlatform]
٢٠٢٢-٠٦-٠٤ ١٠:١٣:٥١.٩٤١  INFO 1505 --- [main] j.LocalContainerEntityManagerFactoryBean : Initialized JPA EntityManagerFactory for persistence unit 'default'
٢٠٢٢-٠٦-٠٤ ١٠:١٣:٥٢.٣٥٥  WARN 1505 --- [main] JpaBaseConfiguration$JpaWebConfiguration : spring.jpa.open-in-view is enabled by default. Therefore, database queries may be performed during view rendering. Explicitly configure spring.jpa.open-in-view to disable this warning
٢٠٢٢-٠٦-٠٤ ١٠:١٣:٥٢.٨٢٥  INFO 1505 --- [main] o.s.b.w.embedded.tomcat.TomcatWebServer  : Tomcat started on port(s): 8080 (http) with context path ''
٢٠٢٢-٠٦-٠٤ ١٠:١٣:٥٢.٨٣٨  INFO 1505 --- [main] c.e.s.SpringProjectApplication           : Started SpringProjectApplication in 4.926 seconds (JVM running for 6.022)
٢٠٢٢-٠٦-٠٤ ١٠:١٧:٢٥.٦٣٧  INFO 1505 --- [SpringApplicationShutdownHook] j.LocalContainerEntityManagerFactoryBean : Closing JPA EntityManagerFactory for persistence unit 'default'
٢٠٢٢-٠٦-٠٤ ١٠:١٧:٢٥.٦٣٩  INFO 1505 --- [SpringApplicationShutdownHook] .SchemaDropperImpl$DelayedDropActionImpl : HHH000477: Starting delayed evictData of schema as part of SessionFactory shut-down'
٢٠٢٢-٠٦-٠٤ ١٠:١٧:٢٥.٦٧٩  INFO 1505 --- [SpringApplicationShutdownHook] com.zaxxer.hikari.HikariDataSource       : HikariPool-1 - Shutdown initiated...
٢٠٢٢-٠٦-٠٤ ١٠:١٧:٢٥.٦٩١  INFO 1505 --- [SpringApplicationShutdownHook] com.zaxxer.hikari.HikariDataSource       : HikariPool-1 - Shutdown completed.
٢٠٢٢-٠٦-٠٤ ١٠:١٧:٢٩.٥٧١  INFO 1549 --- [main] c.e.s.SpringProjectApplication           : Starting SpringProjectApplication using Java 17.0.2 on MBPalkhasbrenad with PID 1549 (/Users/renad/Desktop/SpringProject/target/classes started by renad in /Users/renad/Desktop/SpringProject)
٢٠٢٢-٠٦-٠٤ ١٠:١٧:٢٩.٥٧٤  INFO 1549 --- [main] c.e.s.SpringProjectApplication           : No active profile set, falling back to 1 default profile: "default"
٢٠٢٢-٠٦-٠٤ ١٠:١٧:٣٠.٢٢٩  INFO 1549 --- [main] .s.d.r.c.RepositoryConfigurationDelegate : Bootstrapping Spring Data JPA repositories in DEFAULT mode.
٢٠٢٢-٠٦-٠٤ ١٠:١٧:٣٠.٢٨٨  INFO 1549 --- [main] .s.d.r.c.RepositoryConfigurationDelegate : Finished Spring Data repository scanning in 48 ms. Found 3 JPA repository interfaces.
٢٠٢٢-٠٦-٠٤ ١٠:١٧:٣٠.٨١٢  INFO 1549 --- [main] o.s.b.w.embedded.tomcat.TomcatWebServer  : Tomcat initialized with port(s): 8080 (http)
٢٠٢٢-٠٦-٠٤ ١٠:١٧:٣٠.٨٢٤  INFO 1549 --- [main] o.apache.catalina.core.StandardService   : Starting service [Tomcat]
٢٠٢٢-٠٦-٠٤ ١٠:١٧:٣٠.٨٢٤  INFO 1549 --- [main] org.apache.catalina.core.StandardEngine  : Starting Servlet engine: [Apache Tomcat/9.0.63]
٢٠٢٢-٠٦-٠٤ ١٠:١٧:٣٠.٩١٦  INFO 1549 --- [main] o.a.c.c.C.[Tomcat].[localhost].[/]       : Initializing Spring embedded WebApplicationContext
٢٠٢٢-٠٦-٠٤ ١٠:١٧:٣٠.٩١٦  INFO 1549 --- [main] w.s.c.ServletWebServerApplicationContext : Root WebApplicationContext: initialization completed in 1286 ms
٢٠٢٢-٠٦-٠٤ ١٠:١٧:٣١.٠٢٨  INFO 1549 --- [main] o.hibernate.jpa.internal.util.LogHelper  : HHH000204: Processing PersistenceUnitInfo [name: default]
٢٠٢٢-٠٦-٠٤ ١٠:١٧:٣١.٠٧٨  INFO 1549 --- [main] org.hibernate.Version                    : HHH000412: Hibernate ORM core version 5.6.9.Final
٢٠٢٢-٠٦-٠٤ ١٠:١٧:٣١.٢٧٢  INFO 1549 --- [main] o.hibernate.annotations.common.Version   : HCANN000001: Hibernate Commons Annotations {5.1.2.Final}
٢٠٢٢-٠٦-٠٤ ١٠:١٧:٣١.٣٥٦  INFO 1549 --- [main] com.zaxxer.hikari.HikariDataSource       : HikariPool-1 - Starting...
٢٠٢٢-٠٦-٠٤ ١٠:١٧:٣١.٦٢٠  INFO 1549 --- [main] com.zaxxer.hikari.HikariDataSource       : HikariPool-1 - Start completed.
٢٠٢٢-٠٦-٠٤ ١٠:١٧:٣١.٦٣٦  INFO 1549 --- [main] org.hibernate.dialect.Dialect            : HHH000400: Using dialect: org.hibernate.dialect.MySQL5InnoDBDialect
٢٠٢٢-٠٦-٠٤ ١٠:١٧:٣٢.١٩٠  INFO 1549 --- [main] o.h.e.t.j.p.i.JtaPlatformInitiator       : HHH000490: Using JtaPlatform implementation: [org.hibernate.engine.transaction.jta.platform.internal.NoJtaPlatform]
٢٠٢٢-٠٦-٠٤ ١٠:١٧:٣٢.١٩٦  INFO 1549 --- [main] j.LocalContainerEntityManagerFactoryBean : Initialized JPA EntityManagerFactory for persistence unit 'default'
٢٠٢٢-٠٦-٠٤ ١٠:١٧:٣٢.٤٧٧  WARN 1549 --- [main] JpaBaseConfiguration$JpaWebConfiguration : spring.jpa.open-in-view is enabled by default. Therefore, database queries may be performed during view rendering. Explicitly configure spring.jpa.open-in-view to disable this warning
٢٠٢٢-٠٦-٠٤ ١٠:١٧:٣٢.٧٦٥  INFO 1549 --- [main] o.s.b.w.embedded.tomcat.TomcatWebServer  : Tomcat started on port(s): 8080 (http) with context path ''
٢٠٢٢-٠٦-٠٤ ١٠:١٧:٣٢.٧٧٣  INFO 1549 --- [main] c.e.s.SpringProjectApplication           : Started SpringProjectApplication in 3.511 seconds (JVM running for 4.364)
٢٠٢٢-٠٦-٠٤ ١٠:١٨:٣٦.١٩٠  INFO 1549 --- [http-nio-8080-exec-1] o.a.c.c.C.[Tomcat].[localhost].[/]       : Initializing Spring DispatcherServlet 'dispatcherServlet'
٢٠٢٢-٠٦-٠٤ ١٠:١٨:٣٦.١٩٠  INFO 1549 --- [http-nio-8080-exec-1] o.s.web.servlet.DispatcherServlet        : Initializing Servlet 'dispatcherServlet'
٢٠٢٢-٠٦-٠٤ ١٠:١٨:٣٦.١٩١  INFO 1549 --- [http-nio-8080-exec-1] o.s.web.servlet.DispatcherServlet        : Completed initialization in 1 ms
٢٠٢٢-٠٦-٠٤ ١٠:١٨:٤٤.٦٨١  INFO 1549 --- [http-nio-8080-exec-3] c.e.s.controoller.MyUserControoller      : user are return by method getStudents() 
٢٠٢٢-٠٦-٠٤ ١٠:١٩:٣٨.٢٨٠  INFO 1549 --- [http-nio-8080-exec-4] c.e.s.controoller.MyUserControoller      : user are add by method adduser() 
٢٠٢٢-٠٦-٠٤ ١٠:١٩:٥٠.٠٣٨  INFO 1549 --- [http-nio-8080-exec-5] c.e.s.controoller.MyUserControoller      : user are add by method adduser() 
٢٠٢٢-٠٦-٠٤ ١٠:١٩:٥٣.١٣٣  INFO 1549 --- [http-nio-8080-exec-6] c.e.s.controoller.MyUserControoller      : user are return by method getStudents() 
٢٠٢٢-٠٦-٠٤ ١٠:٢٠:٠٨.٦٧١  INFO 1549 --- [http-nio-8080-exec-7] c.e.s.controoller.BookControoller        : Book are return by method getBook() 
٢٠٢٢-٠٦-٠٤ ١٠:٢٠:٤٤.١٦٧  INFO 1549 --- [http-nio-8080-exec-8] c.e.s.controoller.BookControoller        : book are add by method addbook()
٢٠٢٢-٠٦-٠٤ ١٠:٢٠:٥١.٤٤٤  INFO 1549 --- [http-nio-8080-exec-9] c.e.s.controoller.BookControoller        : book are add by method addbook()
٢٠٢٢-٠٦-٠٤ ١٠:٢٠:٥٤.٨٤٢  INFO 1549 --- [http-nio-8080-exec-10] c.e.s.controoller.BookControoller        : Book are return by method getBook() 
٢٠٢٢-٠٦-٠٤ ١٠:٢١:٣٤.٨٧٣  INFO 1549 --- [http-nio-8080-exec-2] c.e.s.controoller.LonaControoller        : Lona are return by method getLona() 
٢٠٢٢-٠٦-٠٤ ١٠:٢١:٣٨.٥٥٧  WARN 1549 --- [http-nio-8080-exec-1] .w.s.m.s.DefaultHandlerExceptionResolver : Resolved [org.springframework.http.converter.HttpMessageNotReadableException: JSON parse error: Cannot deserialize value of type `java.lang.Integer` from String "bader": not a valid `java.lang.Integer` value; nested exception is com.fasterxml.jackson.databind.exc.InvalidFormatException: Cannot deserialize value of type `java.lang.Integer` from String "bader": not a valid `java.lang.Integer` value<EOL> at [Source: (org.springframework.util.StreamUtils$NonClosingInputStream); line: 2, column: 14] (through reference chain: com.example.springproject.model.Lona["userid"])]
٢٠٢٢-٠٦-٠٤ ١٠:٢١:٤٢.٣٧٠  WARN 1549 --- [http-nio-8080-exec-4] .w.s.m.s.DefaultHandlerExceptionResolver : Resolved [org.springframework.http.converter.HttpMessageNotReadableException: JSON parse error: Cannot deserialize value of type `java.lang.Integer` from String "bader": not a valid `java.lang.Integer` value; nested exception is com.fasterxml.jackson.databind.exc.InvalidFormatException: Cannot deserialize value of type `java.lang.Integer` from String "bader": not a valid `java.lang.Integer` value<EOL> at [Source: (org.springframework.util.StreamUtils$NonClosingInputStream); line: 2, column: 14] (through reference chain: com.example.springproject.model.Lona["userid"])]
٢٠٢٢-٠٦-٠٤ ١٠:٢٢:٥٧.٢٢٦  INFO 1549 --- [http-nio-8080-exec-8] c.e.s.controoller.LonaControoller        : Lona are return by method getLona() 
٢٠٢٢-٠٦-٠٤ ١٠:٢٣:٤٨.٥٥١  INFO 1549 --- [SpringApplicationShutdownHook] j.LocalContainerEntityManagerFactoryBean : Closing JPA EntityManagerFactory for persistence unit 'default'
٢٠٢٢-٠٦-٠٤ ١٠:٢٣:٤٨.٥٥٢  INFO 1549 --- [SpringApplicationShutdownHook] .SchemaDropperImpl$DelayedDropActionImpl : HHH000477: Starting delayed evictData of schema as part of SessionFactory shut-down'
٢٠٢٢-٠٦-٠٤ ١٠:٢٣:٤٨.٥٨٥  INFO 1549 --- [SpringApplicationShutdownHook] com.zaxxer.hikari.HikariDataSource       : HikariPool-1 - Shutdown initiated...
٢٠٢٢-٠٦-٠٤ ١٠:٢٣:٤٨.٦٠٣  INFO 1549 --- [SpringApplicationShutdownHook] com.zaxxer.hikari.HikariDataSource       : HikariPool-1 - Shutdown completed.
٢٠٢٢-٠٦-٠٤ ١٠:٢٣:٥٢.٢٩٧  INFO 1597 --- [main] c.e.s.SpringProjectApplication           : Starting SpringProjectApplication using Java 17.0.2 on MBPalkhasbrenad with PID 1597 (/Users/renad/Desktop/SpringProject/target/classes started by renad in /Users/renad/Desktop/SpringProject)
٢٠٢٢-٠٦-٠٤ ١٠:٢٣:٥٢.٣٠٢  INFO 1597 --- [main] c.e.s.SpringProjectApplication           : No active profile set, falling back to 1 default profile: "default"
٢٠٢٢-٠٦-٠٤ ١٠:٢٣:٥٣.٠٩٥  INFO 1597 --- [main] .s.d.r.c.RepositoryConfigurationDelegate : Bootstrapping Spring Data JPA repositories in DEFAULT mode.
٢٠٢٢-٠٦-٠٤ ١٠:٢٣:٥٣.١٥٠  INFO 1597 --- [main] .s.d.r.c.RepositoryConfigurationDelegate : Finished Spring Data repository scanning in 45 ms. Found 3 JPA repository interfaces.
٢٠٢٢-٠٦-٠٤ ١٠:٢٣:٥٣.٧٩٥  INFO 1597 --- [main] o.s.b.w.embedded.tomcat.TomcatWebServer  : Tomcat initialized with port(s): 8080 (http)
٢٠٢٢-٠٦-٠٤ ١٠:٢٣:٥٣.٨٠٧  INFO 1597 --- [main] o.apache.catalina.core.StandardService   : Starting service [Tomcat]
٢٠٢٢-٠٦-٠٤ ١٠:٢٣:٥٣.٨٠٧  INFO 1597 --- [main] org.apache.catalina.core.StandardEngine  : Starting Servlet engine: [Apache Tomcat/9.0.63]
٢٠٢٢-٠٦-٠٤ ١٠:٢٣:٥٣.٩١٦  INFO 1597 --- [main] o.a.c.c.C.[Tomcat].[localhost].[/]       : Initializing Spring embedded WebApplicationContext
٢٠٢٢-٠٦-٠٤ ١٠:٢٣:٥٣.٩١٦  INFO 1597 --- [main] w.s.c.ServletWebServerApplicationContext : Root WebApplicationContext: initialization completed in 1568 ms
٢٠٢٢-٠٦-٠٤ ١٠:٢٣:٥٤.١٢٦  INFO 1597 --- [main] o.hibernate.jpa.internal.util.LogHelper  : HHH000204: Processing PersistenceUnitInfo [name: default]
٢٠٢٢-٠٦-٠٤ ١٠:٢٣:٥٤.١٨٦  INFO 1597 --- [main] org.hibernate.Version                    : HHH000412: Hibernate ORM core version 5.6.9.Final
٢٠٢٢-٠٦-٠٤ ١٠:٢٣:٥٤.٤٠٢  INFO 1597 --- [main] o.hibernate.annotations.common.Version   : HCANN000001: Hibernate Commons Annotations {5.1.2.Final}
٢٠٢٢-٠٦-٠٤ ١٠:٢٣:٥٤.٤٨٢  INFO 1597 --- [main] com.zaxxer.hikari.HikariDataSource       : HikariPool-1 - Starting...
٢٠٢٢-٠٦-٠٤ ١٠:٢٣:٥٤.٧٦٨  INFO 1597 --- [main] com.zaxxer.hikari.HikariDataSource       : HikariPool-1 - Start completed.
٢٠٢٢-٠٦-٠٤ ١٠:٢٣:٥٤.٧٨٢  INFO 1597 --- [main] org.hibernate.dialect.Dialect            : HHH000400: Using dialect: org.hibernate.dialect.MySQL5InnoDBDialect
٢٠٢٢-٠٦-٠٤ ١٠:٢٣:٥٥.٥٥٨  INFO 1597 --- [main] o.h.e.t.j.p.i.JtaPlatformInitiator       : HHH000490: Using JtaPlatform implementation: [org.hibernate.engine.transaction.jta.platform.internal.NoJtaPlatform]
٢٠٢٢-٠٦-٠٤ ١٠:٢٣:٥٥.٥٦٤  INFO 1597 --- [main] j.LocalContainerEntityManagerFactoryBean : Initialized JPA EntityManagerFactory for persistence unit 'default'
٢٠٢٢-٠٦-٠٤ ١٠:٢٣:٥٥.٨٧١  WARN 1597 --- [main] JpaBaseConfiguration$JpaWebConfiguration : spring.jpa.open-in-view is enabled by default. Therefore, database queries may be performed during view rendering. Explicitly configure spring.jpa.open-in-view to disable this warning
٢٠٢٢-٠٦-٠٤ ١٠:٢٣:٥٦.١٦١  INFO 1597 --- [main] o.s.b.w.embedded.tomcat.TomcatWebServer  : Tomcat started on port(s): 8080 (http) with context path ''
٢٠٢٢-٠٦-٠٤ ١٠:٢٣:٥٦.١٦٨  INFO 1597 --- [main] c.e.s.SpringProjectApplication           : Started SpringProjectApplication in 4.16 seconds (JVM running for 4.896)
٢٠٢٢-٠٦-٠٤ ١٠:٣٠:١٧.١٣٩  INFO 1597 --- [SpringApplicationShutdownHook] j.LocalContainerEntityManagerFactoryBean : Closing JPA EntityManagerFactory for persistence unit 'default'
٢٠٢٢-٠٦-٠٤ ١٠:٣٠:١٧.١٤٠  INFO 1597 --- [SpringApplicationShutdownHook] .SchemaDropperImpl$DelayedDropActionImpl : HHH000477: Starting delayed evictData of schema as part of SessionFactory shut-down'
٢٠٢٢-٠٦-٠٤ ١٠:٣٠:١٧.١٧٥  INFO 1597 --- [SpringApplicationShutdownHook] com.zaxxer.hikari.HikariDataSource       : HikariPool-1 - Shutdown initiated...
٢٠٢٢-٠٦-٠٤ ١٠:٣٠:١٧.١٨٢  INFO 1597 --- [SpringApplicationShutdownHook] com.zaxxer.hikari.HikariDataSource       : HikariPool-1 - Shutdown completed.
٢٠٢٢-٠٦-٠٤ ١١:١٢:٣٧.٢٧١  INFO 1872 --- [main] c.e.s.SpringProjectApplication           : Starting SpringProjectApplication using Java 17.0.2 on MBPalkhasbrenad with PID 1872 (/Users/renad/Desktop/SpringProject/target/classes started by renad in /Users/renad/Desktop/SpringProject)
٢٠٢٢-٠٦-٠٤ ١١:١٢:٣٧.٢٧٤  INFO 1872 --- [main] c.e.s.SpringProjectApplication           : No active profile set, falling back to 1 default profile: "default"
٢٠٢٢-٠٦-٠٤ ١١:١٢:٣٨.٠٧٨  INFO 1872 --- [main] .s.d.r.c.RepositoryConfigurationDelegate : Bootstrapping Spring Data JPA repositories in DEFAULT mode.
٢٠٢٢-٠٦-٠٤ ١١:١٢:٣٨.١٣٥  INFO 1872 --- [main] .s.d.r.c.RepositoryConfigurationDelegate : Finished Spring Data repository scanning in 46 ms. Found 3 JPA repository interfaces.
٢٠٢٢-٠٦-٠٤ ١١:١٢:٣٨.٦٥٣  INFO 1872 --- [main] o.s.b.w.embedded.tomcat.TomcatWebServer  : Tomcat initialized with port(s): 8080 (http)
٢٠٢٢-٠٦-٠٤ ١١:١٢:٣٨.٦٦٥  INFO 1872 --- [main] o.apache.catalina.core.StandardService   : Starting service [Tomcat]
٢٠٢٢-٠٦-٠٤ ١١:١٢:٣٨.٦٦٥  INFO 1872 --- [main] org.apache.catalina.core.StandardEngine  : Starting Servlet engine: [Apache Tomcat/9.0.63]
٢٠٢٢-٠٦-٠٤ ١١:١٢:٣٨.٧٧٠  INFO 1872 --- [main] o.a.c.c.C.[Tomcat].[localhost].[/]       : Initializing Spring embedded WebApplicationContext
٢٠٢٢-٠٦-٠٤ ١١:١٢:٣٨.٧٧١  INFO 1872 --- [main] w.s.c.ServletWebServerApplicationContext : Root WebApplicationContext: initialization completed in 1397 ms
٢٠٢٢-٠٦-٠٤ ١١:١٢:٣٨.٩١٥  INFO 1872 --- [main] o.hibernate.jpa.internal.util.LogHelper  : HHH000204: Processing PersistenceUnitInfo [name: default]
٢٠٢٢-٠٦-٠٤ ١١:١٢:٣٨.٩٦٧  INFO 1872 --- [main] org.hibernate.Version                    : HHH000412: Hibernate ORM core version 5.6.9.Final
٢٠٢٢-٠٦-٠٤ ١١:١٢:٣٩.١٨٧  INFO 1872 --- [main] o.hibernate.annotations.common.Version   : HCANN000001: Hibernate Commons Annotations {5.1.2.Final}
٢٠٢٢-٠٦-٠٤ ١١:١٢:٣٩.٢٨١  INFO 1872 --- [main] com.zaxxer.hikari.HikariDataSource       : HikariPool-1 - Starting...
٢٠٢٢-٠٦-٠٤ ١١:١٢:٣٩.٥٨٨  INFO 1872 --- [main] com.zaxxer.hikari.HikariDataSource       : HikariPool-1 - Start completed.
٢٠٢٢-٠٦-٠٤ ١١:١٢:٣٩.٦٠٤  INFO 1872 --- [main] org.hibernate.dialect.Dialect            : HHH000400: Using dialect: org.hibernate.dialect.MySQL5InnoDBDialect
٢٠٢٢-٠٦-٠٤ ١١:١٢:٤٠.٣١٩  INFO 1872 --- [main] o.h.e.t.j.p.i.JtaPlatformInitiator       : HHH000490: Using JtaPlatform implementation: [org.hibernate.engine.transaction.jta.platform.internal.NoJtaPlatform]
٢٠٢٢-٠٦-٠٤ ١١:١٢:٤٠.٣٢٨  INFO 1872 --- [main] j.LocalContainerEntityManagerFactoryBean : Initialized JPA EntityManagerFactory for persistence unit 'default'
٢٠٢٢-٠٦-٠٤ ١١:١٢:٤٠.٦٣٧  WARN 1872 --- [main] JpaBaseConfiguration$JpaWebConfiguration : spring.jpa.open-in-view is enabled by default. Therefore, database queries may be performed during view rendering. Explicitly configure spring.jpa.open-in-view to disable this warning
٢٠٢٢-٠٦-٠٤ ١١:١٢:٤٠.٩٣٠  INFO 1872 --- [main] o.s.b.w.embedded.tomcat.TomcatWebServer  : Tomcat started on port(s): 8080 (http) with context path ''
٢٠٢٢-٠٦-٠٤ ١١:١٢:٤٠.٩٣٧  INFO 1872 --- [main] c.e.s.SpringProjectApplication           : Started SpringProjectApplication in 4.072 seconds (JVM running for 4.797)
٢٠٢٢-٠٦-٠٤ ١١:١٣:١٨.٩٣٢  INFO 1872 --- [http-nio-8080-exec-2] o.a.c.c.C.[Tomcat].[localhost].[/]       : Initializing Spring DispatcherServlet 'dispatcherServlet'
٢٠٢٢-٠٦-٠٤ ١١:١٣:١٨.٩٣٣  INFO 1872 --- [http-nio-8080-exec-2] o.s.web.servlet.DispatcherServlet        : Initializing Servlet 'dispatcherServlet'
٢٠٢٢-٠٦-٠٤ ١١:١٣:١٨.٩٣٤  INFO 1872 --- [http-nio-8080-exec-2] o.s.web.servlet.DispatcherServlet        : Completed initialization in 0 ms
٢٠٢٢-٠٦-٠٤ ١١:١٣:١٨.٩٧٣  INFO 1872 --- [http-nio-8080-exec-2] c.e.s.controoller.MyUserControoller      : user are return by method getStudents() 
٢٠٢٢-٠٦-٠٤ ١١:١٤:١٩.٣٠٥  INFO 1872 --- [http-nio-8080-exec-3] c.e.s.controoller.MyUserControoller      : user are add by method adduser() 
٢٠٢٢-٠٦-٠٤ ١١:١٤:٢٢.٠٧٩  INFO 1872 --- [http-nio-8080-exec-4] c.e.s.controoller.MyUserControoller      : user are add by method adduser() 
٢٠٢٢-٠٦-٠٤ ١١:١٤:٢٣.٢٢٣  INFO 1872 --- [http-nio-8080-exec-5] c.e.s.controoller.MyUserControoller      : user are add by method adduser() 
٢٠٢٢-٠٦-٠٤ ١١:١٤:٢٤.٠٧٩  INFO 1872 --- [http-nio-8080-exec-6] c.e.s.controoller.MyUserControoller      : user are add by method adduser() 
٢٠٢٢-٠٦-٠٤ ١١:١٤:٢٦.٧٠٩  INFO 1872 --- [http-nio-8080-exec-7] c.e.s.controoller.MyUserControoller      : user are return by method getStudents() 
٢٠٢٢-٠٦-٠٤ ١١:١٧:٤٨.٠٣٩  INFO 1872 --- [http-nio-8080-exec-9] c.e.s.controoller.BookControoller        : book are add by method addbook()
٢٠٢٢-٠٦-٠٤ ١١:١٧:٤٩.٧١٧  INFO 1872 --- [http-nio-8080-exec-1] c.e.s.controoller.BookControoller        : book are add by method addbook()
٢٠٢٢-٠٦-٠٤ ١١:١٧:٥١.١٣٦  INFO 1872 --- [http-nio-8080-exec-2] c.e.s.controoller.BookControoller        : book are add by method addbook()
٢٠٢٢-٠٦-٠٤ ١١:١٧:٥٨.٠١٨  INFO 1872 --- [http-nio-8080-exec-3] c.e.s.controoller.BookControoller        : Book are return by method getBook() 
٢٠٢٢-٠٦-٠٤ ١١:١٨:٥٤.٧٤٨  INFO 1872 --- [http-nio-8080-exec-4] c.e.s.controoller.BookControoller        : Book are return by method getBook() 
٢٠٢٢-٠٦-٠٤ ١١:١٩:٣٢.٢٧٨  INFO 1872 --- [http-nio-8080-exec-5] c.e.s.controoller.LonaControoller        : lona are add by method addLona()
٢٠٢٢-٠٦-٠٤ ١١:١٩:٣٧.١٩٧  INFO 1872 --- [http-nio-8080-exec-6] c.e.s.controoller.LonaControoller        : Lona are return by method getLona() 
٢٠٢٢-٠٦-٠٤ ١١:٢٠:٣٠.٦٩٥  INFO 1872 --- [http-nio-8080-exec-7] c.e.s.controoller.LonaControoller        : lona are add by method addLona()
٢٠٢٢-٠٦-٠٤ ١١:٢٠:٣٤.٣٧٣  INFO 1872 --- [http-nio-8080-exec-8] c.e.s.controoller.LonaControoller        : Lona are return by method getLona() 
٢٠٢٢-٠٦-٠٤ ١١:٢٢:٢١.٤١٧  INFO 1872 --- [http-nio-8080-exec-2] c.e.s.controoller.BookControoller        : lona book are return by method getlona() 
٢٠٢٢-٠٦-٠٤ ١١:٢٣:٠٤.١٣٢  INFO 1872 --- [http-nio-8080-exec-3] c.e.s.controoller.BookControoller        : lona book are return by method getlona() 
٢٠٢٢-٠٦-٠٤ ١١:٢٣:٣٨.٧٦٢  INFO 1872 --- [http-nio-8080-exec-6] c.e.s.controoller.BookControoller        : lona book are return by method getlona() 
٢٠٢٢-٠٦-٠٤ ١١:٣٧:٢٣.٦٦٩  WARN 1872 --- [HikariPool-1 housekeeper] com.zaxxer.hikari.pool.HikariPool        : HikariPool-1 - Thread starvation or clock leap detected (housekeeper delta=9m43s844ms).
٢٠٢٢-٠٦-٠٤ ١١:٤٧:٣٧.٥٠٨  WARN 1872 --- [HikariPool-1 housekeeper] com.zaxxer.hikari.pool.HikariPool        : HikariPool-1 - Thread starvation or clock leap detected (housekeeper delta=9m43s821ms).
٢٠٢٢-٠٦-٠٤ ١١:٥٧:٥١.٥٣٠  WARN 1872 --- [HikariPool-1 housekeeper] com.zaxxer.hikari.pool.HikariPool        : HikariPool-1 - Thread starvation or clock leap detected (housekeeper delta=9m44s17ms).
٢٠٢٢-٠٦-٠٤ ١٢:٠٨:٠٥.٣٣٨  WARN 1872 --- [HikariPool-1 housekeeper] com.zaxxer.hikari.pool.HikariPool        : HikariPool-1 - Thread starvation or clock leap detected (housekeeper delta=9m43s796ms).
٢٠٢٢-٠٦-٠٤ ١٢:١٧:٥١.٠٠٥  WARN 1872 --- [HikariPool-1 housekeeper] com.zaxxer.hikari.pool.HikariPool        : HikariPool-1 - Thread starvation or clock leap detected (housekeeper delta=9m45s667ms).
٢٠٢٢-٠٦-٠٤ ١٢:٢٨:٠٥.٤٩٥  WARN 1872 --- [HikariPool-1 housekeeper] com.zaxxer.hikari.pool.HikariPool        : HikariPool-1 - Thread starvation or clock leap detected (housekeeper delta=9m44s34ms).
٢٠٢٢-٠٦-٠٤ ١٢:٣٨:١٩.٤٧٦  WARN 1872 --- [HikariPool-1 housekeeper] com.zaxxer.hikari.pool.HikariPool        : HikariPool-1 - Thread starvation or clock leap detected (housekeeper delta=9m43s976ms).
٢٠٢٢-٠٦-٠٤ ١٢:٤٨:٣٣.٤٨٦  WARN 1872 --- [HikariPool-1 housekeeper] com.zaxxer.hikari.pool.HikariPool        : HikariPool-1 - Thread starvation or clock leap detected (housekeeper delta=9m44s31ms).
٢٠٢٢-٠٦-٠٤ ١٢:٥٨:٤٧.٢٣٦  WARN 1872 --- [HikariPool-1 housekeeper] com.zaxxer.hikari.pool.HikariPool        : HikariPool-1 - Thread starvation or clock leap detected (housekeeper delta=9m43s732ms).
٢٠٢٢-٠٦-٠٤ ١٣:٠٩:٠١.١٣٧  WARN 1872 --- [HikariPool-1 housekeeper] com.zaxxer.hikari.pool.HikariPool        : HikariPool-1 - Thread starvation or clock leap detected (housekeeper delta=9m43s888ms).
٢٠٢٢-٠٦-٠٤ ١٣:١١:٥٥.٠١٠  WARN 1872 --- [HikariPool-1 housekeeper] com.zaxxer.hikari.pool.HikariPool        : HikariPool-1 - Thread starvation or clock leap detected (housekeeper delta=2m53s873ms).
٢٠٢٢-٠٦-٠٤ ١٣:٢٤:٣٢.٨٥٤  INFO 1872 --- [SpringApplicationShutdownHook] j.LocalContainerEntityManagerFactoryBean : Closing JPA EntityManagerFactory for persistence unit 'default'
٢٠٢٢-٠٦-٠٤ ١٣:٢٤:٣٢.٨٥٨  INFO 1872 --- [SpringApplicationShutdownHook] .SchemaDropperImpl$DelayedDropActionImpl : HHH000477: Starting delayed evictData of schema as part of SessionFactory shut-down'
٢٠٢٢-٠٦-٠٤ ١٣:٢٤:٣٢.٨٩٤  INFO 1872 --- [SpringApplicationShutdownHook] com.zaxxer.hikari.HikariDataSource       : HikariPool-1 - Shutdown initiated...
٢٠٢٢-٠٦-٠٤ ١٣:٢٤:٣٢.٨٩٩  INFO 1872 --- [SpringApplicationShutdownHook] com.zaxxer.hikari.HikariDataSource       : HikariPool-1 - Shutdown completed.
٢٠٢٢-٠٦-٠٤ ١٣:٢٤:٣٨.٥١٧  INFO 2154 --- [main] c.e.s.SpringProjectApplication           : Starting SpringProjectApplication using Java 17.0.2 on MBPalkhasbrenad with PID 2154 (/Users/renad/Desktop/SpringProject/target/classes started by renad in /Users/renad/Desktop/SpringProject)
٢٠٢٢-٠٦-٠٤ ١٣:٢٤:٣٨.٥٢٠  INFO 2154 --- [main] c.e.s.SpringProjectApplication           : No active profile set, falling back to 1 default profile: "default"
٢٠٢٢-٠٦-٠٤ ١٣:٢٤:٣٩.٢٧٩  INFO 2154 --- [main] .s.d.r.c.RepositoryConfigurationDelegate : Bootstrapping Spring Data JPA repositories in DEFAULT mode.
٢٠٢٢-٠٦-٠٤ ١٣:٢٤:٣٩.٣٤١  INFO 2154 --- [main] .s.d.r.c.RepositoryConfigurationDelegate : Finished Spring Data repository scanning in 49 ms. Found 3 JPA repository interfaces.
٢٠٢٢-٠٦-٠٤ ١٣:٢٤:٣٩.٩٠٧  INFO 2154 --- [main] o.s.b.w.embedded.tomcat.TomcatWebServer  : Tomcat initialized with port(s): 8080 (http)
٢٠٢٢-٠٦-٠٤ ١٣:٢٤:٣٩.٩١٥  INFO 2154 --- [main] o.apache.catalina.core.StandardService   : Starting service [Tomcat]
٢٠٢٢-٠٦-٠٤ ١٣:٢٤:٣٩.٩١٥  INFO 2154 --- [main] org.apache.catalina.core.StandardEngine  : Starting Servlet engine: [Apache Tomcat/9.0.63]
٢٠٢٢-٠٦-٠٤ ١٣:٢٤:٤٠.٠٥٢  INFO 2154 --- [main] o.a.c.c.C.[Tomcat].[localhost].[/]       : Initializing Spring embedded WebApplicationContext
٢٠٢٢-٠٦-٠٤ ١٣:٢٤:٤٠.٠٥٣  INFO 2154 --- [main] w.s.c.ServletWebServerApplicationContext : Root WebApplicationContext: initialization completed in 1474 ms
٢٠٢٢-٠٦-٠٤ ١٣:٢٤:٤٠.٢٣٠  INFO 2154 --- [main] o.hibernate.jpa.internal.util.LogHelper  : HHH000204: Processing PersistenceUnitInfo [name: default]
٢٠٢٢-٠٦-٠٤ ١٣:٢٤:٤٠.٢٨٥  INFO 2154 --- [main] org.hibernate.Version                    : HHH000412: Hibernate ORM core version 5.6.9.Final
٢٠٢٢-٠٦-٠٤ ١٣:٢٤:٤٠.٤٩٥  INFO 2154 --- [main] o.hibernate.annotations.common.Version   : HCANN000001: Hibernate Commons Annotations {5.1.2.Final}
٢٠٢٢-٠٦-٠٤ ١٣:٢٤:٤٠.٥٨٣  INFO 2154 --- [main] com.zaxxer.hikari.HikariDataSource       : HikariPool-1 - Starting...
٢٠٢٢-٠٦-٠٤ ١٣:٢٤:٤٠.٨٧٠  INFO 2154 --- [main] com.zaxxer.hikari.HikariDataSource       : HikariPool-1 - Start completed.
٢٠٢٢-٠٦-٠٤ ١٣:٢٤:٤٠.٨٨٥  INFO 2154 --- [main] org.hibernate.dialect.Dialect            : HHH000400: Using dialect: org.hibernate.dialect.MySQL5InnoDBDialect
٢٠٢٢-٠٦-٠٤ ١٣:٢٤:٤١.٥٥٩  INFO 2154 --- [main] o.h.e.t.j.p.i.JtaPlatformInitiator       : HHH000490: Using JtaPlatform implementation: [org.hibernate.engine.transaction.jta.platform.internal.NoJtaPlatform]
٢٠٢٢-٠٦-٠٤ ١٣:٢٤:٤١.٥٦٥  INFO 2154 --- [main] j.LocalContainerEntityManagerFactoryBean : Initialized JPA EntityManagerFactory for persistence unit 'default'
٢٠٢٢-٠٦-٠٤ ١٣:٢٤:٤١.٨٧٧  WARN 2154 --- [main] JpaBaseConfiguration$JpaWebConfiguration : spring.jpa.open-in-view is enabled by default. Therefore, database queries may be performed during view rendering. Explicitly configure spring.jpa.open-in-view to disable this warning
٢٠٢٢-٠٦-٠٤ ١٣:٢٤:٤٢.١٧٦  INFO 2154 --- [main] o.s.b.w.embedded.tomcat.TomcatWebServer  : Tomcat started on port(s): 8080 (http) with context path ''
٢٠٢٢-٠٦-٠٤ ١٣:٢٤:٤٢.١٨٤  INFO 2154 --- [main] c.e.s.SpringProjectApplication           : Started SpringProjectApplication in 4.015 seconds (JVM running for 4.84)
٢٠٢٢-٠٦-٠٤ ١٣:٢٥:٥١.٩٦٧  INFO 2154 --- [http-nio-8080-exec-1] o.a.c.c.C.[Tomcat].[localhost].[/]       : Initializing Spring DispatcherServlet 'dispatcherServlet'
٢٠٢٢-٠٦-٠٤ ١٣:٢٥:٥١.٩٦٨  INFO 2154 --- [http-nio-8080-exec-1] o.s.web.servlet.DispatcherServlet        : Initializing Servlet 'dispatcherServlet'
٢٠٢٢-٠٦-٠٤ ١٣:٢٥:٥١.٩٦٩  INFO 2154 --- [http-nio-8080-exec-1] o.s.web.servlet.DispatcherServlet        : Completed initialization in 1 ms
٢٠٢٢-٠٦-٠٤ ١٣:٢٥:٥٢.٠١٧  INFO 2154 --- [http-nio-8080-exec-1] c.e.s.controoller.MyUserControoller      : user are return by method getStudents() 
٢٠٢٢-٠٦-٠٤ ١٣:٢٥:٥٥.٩٠٤  INFO 2154 --- [http-nio-8080-exec-3] c.e.s.controoller.MyUserControoller      : user are add by method adduser() 
٢٠٢٢-٠٦-٠٤ ١٣:٢٥:٥٧.٠٤٤  INFO 2154 --- [http-nio-8080-exec-4] c.e.s.controoller.MyUserControoller      : user are add by method adduser() 
٢٠٢٢-٠٦-٠٤ ١٣:٢٥:٥٧.٨٤٤  INFO 2154 --- [http-nio-8080-exec-5] c.e.s.controoller.MyUserControoller      : user are add by method adduser() 
٢٠٢٢-٠٦-٠٤ ١٣:٢٦:٢٣.٨٨٧  INFO 2154 --- [http-nio-8080-exec-6] c.e.s.controoller.BookControoller        : book are add by method addbook()
٢٠٢٢-٠٦-٠٤ ١٣:٢٦:٣٥.٣٦٧  INFO 2154 --- [http-nio-8080-exec-7] c.e.s.controoller.BookControoller        : book are add by method addbook()
٢٠٢٢-٠٦-٠٤ ١٣:٢٦:٤٠.٢٤١  INFO 2154 --- [http-nio-8080-exec-8] c.e.s.controoller.BookControoller        : Book are return by method getBook() 
٢٠٢٢-٠٦-٠٤ ١٣:٢٧:٢٩.٨٨٩  INFO 2154 --- [http-nio-8080-exec-10] c.e.s.controoller.LonaControoller        : lona are add by method addLona()
٢٠٢٢-٠٦-٠٤ ١٣:٢٧:٣١.٦٢٨  INFO 2154 --- [http-nio-8080-exec-2] c.e.s.controoller.LonaControoller        : lona are add by method addLona()
٢٠٢٢-٠٦-٠٤ ١٣:٢٧:٣٢.٣٥٤  INFO 2154 --- [http-nio-8080-exec-1] c.e.s.controoller.LonaControoller        : lona are add by method addLona()
٢٠٢٢-٠٦-٠٤ ١٣:٢٧:٣٥.٣٣٧  INFO 2154 --- [http-nio-8080-exec-3] c.e.s.controoller.LonaControoller        : Lona are return by method getLona() 
٢٠٢٢-٠٦-٠٤ ١٣:٢٨:٠٩.٤٤٦  INFO 2154 --- [http-nio-8080-exec-4] c.e.s.controoller.MyUserControoller      : user are return by method getStudents() 
٢٠٢٢-٠٦-٠٤ ١٣:٢٨:١٥.٢٣٩  INFO 2154 --- [http-nio-8080-exec-5] c.e.s.controoller.BookControoller        : Book are return by method getBook() 
٢٠٢٢-٠٦-٠٤ ١٣:٢٨:٤٨.٨٣٩  INFO 2154 --- [http-nio-8080-exec-6] c.e.s.controoller.BookControoller        : lona book are return by method getlona() 
٢٠٢٢-٠٦-٠٤ ١٣:٢٩:٠٦.٩٦٥  INFO 2154 --- [http-nio-8080-exec-7] c.e.s.controoller.BookControoller        : lona book are return by method getlona() 
٢٠٢٢-٠٦-٠٤ ١٣:٢٩:٢١.٣٢٣  INFO 2154 --- [http-nio-8080-exec-8] c.e.s.controoller.BookControoller        : lona book are return by method getlona() 
٢٠٢٢-٠٦-٠٤ ١٣:٢٩:٣٨.٢٩٤  INFO 2154 --- [http-nio-8080-exec-9] c.e.s.controoller.BookControoller        : Book are return by method getBook() 
٢٠٢٢-٠٦-٠٤ ١٣:٣٠:٠٢.٢٤٨  INFO 2154 --- [http-nio-8080-exec-10] c.e.s.controoller.BookControoller        : lona book are return by method getlona() 
٢٠٢٢-٠٦-٠٤ ١٣:٣٠:٤٠.٦٧٩  INFO 2154 --- [http-nio-8080-exec-1] c.e.s.controoller.BookControoller        : Book id are return by method getAllLendBook() 
٢٠٢٢-٠٦-٠٤ ١٣:٤٣:١٥.٥٧٨  INFO 2154 --- [SpringApplicationShutdownHook] j.LocalContainerEntityManagerFactoryBean : Closing JPA EntityManagerFactory for persistence unit 'default'
٢٠٢٢-٠٦-٠٤ ١٣:٤٣:١٥.٥٧٩  INFO 2154 --- [SpringApplicationShutdownHook] .SchemaDropperImpl$DelayedDropActionImpl : HHH000477: Starting delayed evictData of schema as part of SessionFactory shut-down'
٢٠٢٢-٠٦-٠٤ ١٣:٤٣:١٥.٦٣٤  INFO 2154 --- [SpringApplicationShutdownHook] com.zaxxer.hikari.HikariDataSource       : HikariPool-1 - Shutdown initiated...
٢٠٢٢-٠٦-٠٤ ١٣:٤٣:١٥.٦٤١  INFO 2154 --- [SpringApplicationShutdownHook] com.zaxxer.hikari.HikariDataSource       : HikariPool-1 - Shutdown completed.
٢٠٢٢-٠٦-٠٤ ١٣:٤٣:١٩.٩٢٤  INFO 2228 --- [main] c.e.s.SpringProjectApplication           : Starting SpringProjectApplication using Java 17.0.2 on MBPalkhasbrenad with PID 2228 (/Users/renad/Desktop/SpringProject/target/classes started by renad in /Users/renad/Desktop/SpringProject)
٢٠٢٢-٠٦-٠٤ ١٣:٤٣:١٩.٩٢٧  INFO 2228 --- [main] c.e.s.SpringProjectApplication           : No active profile set, falling back to 1 default profile: "default"
٢٠٢٢-٠٦-٠٤ ١٣:٤٣:٢٠.٨٦٢  INFO 2228 --- [main] .s.d.r.c.RepositoryConfigurationDelegate : Bootstrapping Spring Data JPA repositories in DEFAULT mode.
٢٠٢٢-٠٦-٠٤ ١٣:٤٣:٢٠.٩٢١  INFO 2228 --- [main] .s.d.r.c.RepositoryConfigurationDelegate : Finished Spring Data repository scanning in 46 ms. Found 3 JPA repository interfaces.
٢٠٢٢-٠٦-٠٤ ١٣:٤٣:٢١.٤٣٨  INFO 2228 --- [main] o.s.b.w.embedded.tomcat.TomcatWebServer  : Tomcat initialized with port(s): 8080 (http)
٢٠٢٢-٠٦-٠٤ ١٣:٤٣:٢١.٤٤٧  INFO 2228 --- [main] o.apache.catalina.core.StandardService   : Starting service [Tomcat]
٢٠٢٢-٠٦-٠٤ ١٣:٤٣:٢١.٤٤٧  INFO 2228 --- [main] org.apache.catalina.core.StandardEngine  : Starting Servlet engine: [Apache Tomcat/9.0.63]
٢٠٢٢-٠٦-٠٤ ١٣:٤٣:٢١.٥٦٩  INFO 2228 --- [main] o.a.c.c.C.[Tomcat].[localhost].[/]       : Initializing Spring embedded WebApplicationContext
٢٠٢٢-٠٦-٠٤ ١٣:٤٣:٢١.٥٧٠  INFO 2228 --- [main] w.s.c.ServletWebServerApplicationContext : Root WebApplicationContext: initialization completed in 1591 ms
٢٠٢٢-٠٦-٠٤ ١٣:٤٣:٢١.٦٩٧  INFO 2228 --- [main] o.hibernate.jpa.internal.util.LogHelper  : HHH000204: Processing PersistenceUnitInfo [name: default]
٢٠٢٢-٠٦-٠٤ ١٣:٤٣:٢١.٧٦٠  INFO 2228 --- [main] org.hibernate.Version                    : HHH000412: Hibernate ORM core version 5.6.9.Final
٢٠٢٢-٠٦-٠٤ ١٣:٤٣:٢١.٩٦٠  INFO 2228 --- [main] o.hibernate.annotations.common.Version   : HCANN000001: Hibernate Commons Annotations {5.1.2.Final}
٢٠٢٢-٠٦-٠٤ ١٣:٤٣:٢٢.٠٥٤  INFO 2228 --- [main] com.zaxxer.hikari.HikariDataSource       : HikariPool-1 - Starting...
٢٠٢٢-٠٦-٠٤ ١٣:٤٣:٢٢.٣٢٠  INFO 2228 --- [main] com.zaxxer.hikari.HikariDataSource       : HikariPool-1 - Start completed.
٢٠٢٢-٠٦-٠٤ ١٣:٤٣:٢٢.٣٣٧  INFO 2228 --- [main] org.hibernate.dialect.Dialect            : HHH000400: Using dialect: org.hibernate.dialect.MySQL5InnoDBDialect
٢٠٢٢-٠٦-٠٤ ١٣:٤٣:٢٢.٩٥٤  INFO 2228 --- [main] o.h.e.t.j.p.i.JtaPlatformInitiator       : HHH000490: Using JtaPlatform implementation: [org.hibernate.engine.transaction.jta.platform.internal.NoJtaPlatform]
٢٠٢٢-٠٦-٠٤ ١٣:٤٣:٢٢.٩٦٠  INFO 2228 --- [main] j.LocalContainerEntityManagerFactoryBean : Initialized JPA EntityManagerFactory for persistence unit 'default'
٢٠٢٢-٠٦-٠٤ ١٣:٤٣:٢٣.٢٥٦  WARN 2228 --- [main] JpaBaseConfiguration$JpaWebConfiguration : spring.jpa.open-in-view is enabled by default. Therefore, database queries may be performed during view rendering. Explicitly configure spring.jpa.open-in-view to disable this warning
٢٠٢٢-٠٦-٠٤ ١٣:٤٣:٢٣.٥٦٩  INFO 2228 --- [main] o.s.b.w.embedded.tomcat.TomcatWebServer  : Tomcat started on port(s): 8080 (http) with context path ''
٢٠٢٢-٠٦-٠٤ ١٣:٤٣:٢٣.٥٨٤  INFO 2228 --- [main] c.e.s.SpringProjectApplication           : Started SpringProjectApplication in 3.991 seconds (JVM running for 4.677)
٢٠٢٢-٠٦-٠٤ ١٣:٤٥:٠٨.٦٥١  INFO 2228 --- [http-nio-8080-exec-1] o.a.c.c.C.[Tomcat].[localhost].[/]       : Initializing Spring DispatcherServlet 'dispatcherServlet'
٢٠٢٢-٠٦-٠٤ ١٣:٤٥:٠٨.٦٥٢  INFO 2228 --- [http-nio-8080-exec-1] o.s.web.servlet.DispatcherServlet        : Initializing Servlet 'dispatcherServlet'
٢٠٢٢-٠٦-٠٤ ١٣:٤٥:٠٨.٦٥٤  INFO 2228 --- [http-nio-8080-exec-1] o.s.web.servlet.DispatcherServlet        : Completed initialization in 2 ms
٢٠٢٢-٠٦-٠٤ ١٣:٤٥:٠٨.٧٨٧  INFO 2228 --- [http-nio-8080-exec-1] c.e.s.controoller.MyUserControoller      : user are add by method adduser() 
٢٠٢٢-٠٦-٠٤ ١٣:٤٥:٠٩.٩٦٦  INFO 2228 --- [http-nio-8080-exec-3] c.e.s.controoller.MyUserControoller      : user are add by method adduser() 
٢٠٢٢-٠٦-٠٤ ١٣:٤٥:١١.٠٧٩  INFO 2228 --- [http-nio-8080-exec-4] c.e.s.controoller.MyUserControoller      : user are add by method adduser() 
٢٠٢٢-٠٦-٠٤ ١٣:٤٥:٢٠.٠٩٦  INFO 2228 --- [http-nio-8080-exec-5] c.e.s.controoller.LonaControoller        : lona are add by method addLona()
٢٠٢٢-٠٦-٠٤ ١٣:٤٥:٢١.١٨٠  INFO 2228 --- [http-nio-8080-exec-6] c.e.s.controoller.LonaControoller        : lona are add by method addLona()
٢٠٢٢-٠٦-٠٤ ١٣:٤٥:٢٢.٤٧٣  INFO 2228 --- [http-nio-8080-exec-7] c.e.s.controoller.LonaControoller        : lona are add by method addLona()
٢٠٢٢-٠٦-٠٤ ١٣:٤٥:٣١.٧٧٠  INFO 2228 --- [http-nio-8080-exec-8] c.e.s.controoller.BookControoller        : book are add by method addbook()
٢٠٢٢-٠٦-٠٤ ١٣:٤٥:٣٢.٤٨٦  INFO 2228 --- [http-nio-8080-exec-9] c.e.s.controoller.BookControoller        : book are add by method addbook()
٢٠٢٢-٠٦-٠٤ ١٣:٤٥:٣٣.٢٤٠  INFO 2228 --- [http-nio-8080-exec-10] c.e.s.controoller.BookControoller        : book are add by method addbook()
٢٠٢٢-٠٦-٠٤ ١٣:٤٥:٣٣.٧٥٢  INFO 2228 --- [http-nio-8080-exec-2] c.e.s.controoller.BookControoller        : book are add by method addbook()
٢٠٢٢-٠٦-٠٤ ١٣:٤٥:٥٨.٥٩٤  INFO 2228 --- [http-nio-8080-exec-1] c.e.s.controoller.BookControoller        : Book id are return by method getAllLendBook() 
٢٠٢٢-٠٦-٠٤ ١٣:٤٦:٤٨.٥٠١  INFO 2228 --- [http-nio-8080-exec-3] c.e.s.controoller.BookControoller        : Book id are return by method getAllLendBook() 
٢٠٢٢-٠٦-٠٤ ١٣:٤٧:٠٥.٢١٥  INFO 2228 --- [http-nio-8080-exec-5] c.e.s.controoller.LonaControoller        : Lona are return by method getLona() 
٢٠٢٢-٠٦-٠٤ ١٣:٤٨:٣٨.١٧٦  INFO 2228 --- [http-nio-8080-exec-7] c.e.s.controoller.LonaControoller        : lona are add by method addLona()
٢٠٢٢-٠٦-٠٤ ١٣:٤٨:٥٠.٨٠٩  INFO 2228 --- [http-nio-8080-exec-9] c.e.s.controoller.BookControoller        : Book id are return by method getAllLendBook() 
٢٠٢٢-٠٦-٠٤ ١٣:٤٨:٥٧.١٢٥  INFO 2228 --- [http-nio-8080-exec-10] c.e.s.controoller.LonaControoller        : Lona are return by method getLona() 
٢٠٢٢-٠٦-٠٤ ١٣:٤٩:٠٤.٨٧٢  INFO 2228 --- [http-nio-8080-exec-1] c.e.s.controoller.BookControoller        : Book id are return by method getAllLendBook() 
٢٠٢٢-٠٦-٠٤ ١٣:٤٩:٢٠.٥٥٨  INFO 2228 --- [http-nio-8080-exec-4] c.e.s.controoller.BookControoller        : Book id are return by method getAllLendBook() 
٢٠٢٢-٠٦-٠٤ ١٣:٤٩:٤٥.٤١٦  INFO 2228 --- [http-nio-8080-exec-6] c.e.s.controoller.BookControoller        : Book id are return by method getAllLendBook() 
٢٠٢٢-٠٦-٠٤ ١٣:٥٠:١٢.٤١٦  INFO 2228 --- [http-nio-8080-exec-8] c.e.s.controoller.BookControoller        : Book id are return by method getAllLendBook() 
٢٠٢٢-٠٦-٠٤ ١٣:٥٠:١٧.٨٤٨  INFO 2228 --- [http-nio-8080-exec-7] c.e.s.controoller.BookControoller        : Book id are return by method getAllLendBook() 
٢٠٢٢-٠٦-٠٤ ١٣:٥٠:٢٤.٤٨٣  INFO 2228 --- [http-nio-8080-exec-9] c.e.s.controoller.BookControoller        : Book id are return by method getAllLendBook() 
٢٠٢٢-٠٦-٠٤ ١٣:٥٠:٥٨.٨٤٧  INFO 2228 --- [http-nio-8080-exec-10] c.e.s.controoller.MyUserControoller      : user are return by method getStudents() 
٢٠٢٢-٠٦-٠٤ ١٣:٥١:٠٨.٩٥٥  INFO 2228 --- [http-nio-8080-exec-1] c.e.s.controoller.BookControoller        : Book id are return by method getAllLendBook() 
٢٠٢٢-٠٦-٠٤ ١٣:٥٢:٠٢.٨١٩  INFO 2228 --- [http-nio-8080-exec-3] c.e.s.controoller.BookControoller        : Book are return by method getBook() 
٢٠٢٢-٠٦-٠٤ ١٣:٥٢:٤٩.٧٣٥  INFO 2228 --- [http-nio-8080-exec-4] c.e.s.controoller.BookControoller        : Book id are return by method getAllLendBook() 
٢٠٢٢-٠٦-٠٤ ١٣:٥٤:٤٠.١٢٥  INFO 2228 --- [http-nio-8080-exec-8] c.e.s.controoller.BookControoller        : Book id are return by method getAllLendBook() 
٢٠٢٢-٠٦-٠٤ ١٣:٥٤:٤٥.٧٢٩  INFO 2228 --- [http-nio-8080-exec-7] c.e.s.controoller.BookControoller        : Book id are return by method getAllLendBook() 
٢٠٢٢-٠٦-٠٤ ١٣:٥٤:٥٥.٦٨٤  INFO 2228 --- [http-nio-8080-exec-2] c.e.s.controoller.BookControoller        : Book are return by method getBook() 
٢٠٢٢-٠٦-٠٤ ١٣:٥٥:٥٧.٢٣١  INFO 2228 --- [http-nio-8080-exec-3] c.e.s.controoller.BookControoller        : Book are return by method getBook() 
٢٠٢٢-٠٦-٠٤ ١٣:٥٦:٠٧.٤٠٩  INFO 2228 --- [http-nio-8080-exec-4] c.e.s.controoller.BookControoller        : Book id are return by method getAllLendBook() 
٢٠٢٢-٠٦-٠٤ ١٣:٥٨:٤٥.٣٩٤  INFO 2228 --- [SpringApplicationShutdownHook] j.LocalContainerEntityManagerFactoryBean : Closing JPA EntityManagerFactory for persistence unit 'default'
٢٠٢٢-٠٦-٠٤ ١٣:٥٨:٤٥.٣٩٧  INFO 2228 --- [SpringApplicationShutdownHook] .SchemaDropperImpl$DelayedDropActionImpl : HHH000477: Starting delayed evictData of schema as part of SessionFactory shut-down'
٢٠٢٢-٠٦-٠٤ ١٣:٥٨:٤٥.٤٣٣  INFO 2228 --- [SpringApplicationShutdownHook] com.zaxxer.hikari.HikariDataSource       : HikariPool-1 - Shutdown initiated...
٢٠٢٢-٠٦-٠٤ ١٣:٥٨:٤٥.٤٤٧  INFO 2228 --- [SpringApplicationShutdownHook] com.zaxxer.hikari.HikariDataSource       : HikariPool-1 - Shutdown completed.
٢٠٢٢-٠٦-٠٤ ١٣:٥٨:٥٠.٤٠٩  INFO 2300 --- [main] c.e.s.SpringProjectApplication           : Starting SpringProjectApplication using Java 17.0.2 on MBPalkhasbrenad with PID 2300 (/Users/renad/Desktop/SpringProject/target/classes started by renad in /Users/renad/Desktop/SpringProject)
٢٠٢٢-٠٦-٠٤ ١٣:٥٨:٥٠.٤١١  INFO 2300 --- [main] c.e.s.SpringProjectApplication           : No active profile set, falling back to 1 default profile: "default"
٢٠٢٢-٠٦-٠٤ ١٣:٥٨:٥١.١٤٤  INFO 2300 --- [main] .s.d.r.c.RepositoryConfigurationDelegate : Bootstrapping Spring Data JPA repositories in DEFAULT mode.
٢٠٢٢-٠٦-٠٤ ١٣:٥٨:٥١.١٩٩  INFO 2300 --- [main] .s.d.r.c.RepositoryConfigurationDelegate : Finished Spring Data repository scanning in 44 ms. Found 3 JPA repository interfaces.
٢٠٢٢-٠٦-٠٤ ١٣:٥٨:٥١.٧٠٢  INFO 2300 --- [main] o.s.b.w.embedded.tomcat.TomcatWebServer  : Tomcat initialized with port(s): 8080 (http)
٢٠٢٢-٠٦-٠٤ ١٣:٥٨:٥١.٧١٥  INFO 2300 --- [main] o.apache.catalina.core.StandardService   : Starting service [Tomcat]
٢٠٢٢-٠٦-٠٤ ١٣:٥٨:٥١.٧١٦  INFO 2300 --- [main] org.apache.catalina.core.StandardEngine  : Starting Servlet engine: [Apache Tomcat/9.0.63]
٢٠٢٢-٠٦-٠٤ ١٣:٥٨:٥١.٨٢٥  INFO 2300 --- [main] o.a.c.c.C.[Tomcat].[localhost].[/]       : Initializing Spring embedded WebApplicationContext
٢٠٢٢-٠٦-٠٤ ١٣:٥٨:٥١.٨٢٥  INFO 2300 --- [main] w.s.c.ServletWebServerApplicationContext : Root WebApplicationContext: initialization completed in 1368 ms
٢٠٢٢-٠٦-٠٤ ١٣:٥٨:٥١.٩٣٤  INFO 2300 --- [main] o.hibernate.jpa.internal.util.LogHelper  : HHH000204: Processing PersistenceUnitInfo [name: default]
٢٠٢٢-٠٦-٠٤ ١٣:٥٨:٥١.٩٩٠  INFO 2300 --- [main] org.hibernate.Version                    : HHH000412: Hibernate ORM core version 5.6.9.Final
٢٠٢٢-٠٦-٠٤ ١٣:٥٨:٥٢.١٩٣  INFO 2300 --- [main] o.hibernate.annotations.common.Version   : HCANN000001: Hibernate Commons Annotations {5.1.2.Final}
٢٠٢٢-٠٦-٠٤ ١٣:٥٨:٥٢.٢٨١  INFO 2300 --- [main] com.zaxxer.hikari.HikariDataSource       : HikariPool-1 - Starting...
٢٠٢٢-٠٦-٠٤ ١٣:٥٨:٥٢.٥٦١  INFO 2300 --- [main] com.zaxxer.hikari.HikariDataSource       : HikariPool-1 - Start completed.
٢٠٢٢-٠٦-٠٤ ١٣:٥٨:٥٢.٥٧٦  INFO 2300 --- [main] org.hibernate.dialect.Dialect            : HHH000400: Using dialect: org.hibernate.dialect.MySQL5InnoDBDialect
٢٠٢٢-٠٦-٠٤ ١٣:٥٨:٥٣.٢٤٨  WARN 2300 --- [main] o.h.t.s.i.ExceptionHandlerLoggedImpl     : GenerationTarget encountered exception accepting command : Error executing DDL "alter table lona_books drop foreign key FKhhqqicrxukfpxotm71rnrjulf" via JDBC Statement

org.hibernate.tool.schema.spi.CommandAcceptanceException: Error executing DDL "alter table lona_books drop foreign key FKhhqqicrxukfpxotm71rnrjulf" via JDBC Statement
	at org.hibernate.tool.schema.internal.exec.GenerationTargetToDatabase.accept(GenerationTargetToDatabase.java:67) ~[hibernate-core-5.6.9.Final.jar:5.6.9.Final]
	at org.hibernate.tool.schema.internal.SchemaDropperImpl.applySqlString(SchemaDropperImpl.java:387) ~[hibernate-core-5.6.9.Final.jar:5.6.9.Final]
	at org.hibernate.tool.schema.internal.SchemaDropperImpl.applySqlStrings(SchemaDropperImpl.java:371) ~[hibernate-core-5.6.9.Final.jar:5.6.9.Final]
	at org.hibernate.tool.schema.internal.SchemaDropperImpl.applyConstraintDropping(SchemaDropperImpl.java:341) ~[hibernate-core-5.6.9.Final.jar:5.6.9.Final]
	at org.hibernate.tool.schema.internal.SchemaDropperImpl.dropFromMetadata(SchemaDropperImpl.java:235) ~[hibernate-core-5.6.9.Final.jar:5.6.9.Final]
	at org.hibernate.tool.schema.internal.SchemaDropperImpl.performDrop(SchemaDropperImpl.java:156) ~[hibernate-core-5.6.9.Final.jar:5.6.9.Final]
	at org.hibernate.tool.schema.internal.SchemaDropperImpl.doDrop(SchemaDropperImpl.java:128) ~[hibernate-core-5.6.9.Final.jar:5.6.9.Final]
	at org.hibernate.tool.schema.internal.SchemaDropperImpl.doDrop(SchemaDropperImpl.java:114) ~[hibernate-core-5.6.9.Final.jar:5.6.9.Final]
	at org.hibernate.tool.schema.spi.SchemaManagementToolCoordinator.performDatabaseAction(SchemaManagementToolCoordinator.java:157) ~[hibernate-core-5.6.9.Final.jar:5.6.9.Final]
	at org.hibernate.tool.schema.spi.SchemaManagementToolCoordinator.process(SchemaManagementToolCoordinator.java:85) ~[hibernate-core-5.6.9.Final.jar:5.6.9.Final]
	at org.hibernate.internal.SessionFactoryImpl.<init>(SessionFactoryImpl.java:335) ~[hibernate-core-5.6.9.Final.jar:5.6.9.Final]
	at org.hibernate.boot.internal.SessionFactoryBuilderImpl.build(SessionFactoryBuilderImpl.java:471) ~[hibernate-core-5.6.9.Final.jar:5.6.9.Final]
	at org.hibernate.jpa.boot.internal.EntityManagerFactoryBuilderImpl.build(EntityManagerFactoryBuilderImpl.java:1498) ~[hibernate-core-5.6.9.Final.jar:5.6.9.Final]
	at org.springframework.orm.jpa.vendor.SpringHibernateJpaPersistenceProvider.createContainerEntityManagerFactory(SpringHibernateJpaPersistenceProvider.java:58) ~[spring-orm-5.3.20.jar:5.3.20]
	at org.springframework.orm.jpa.LocalContainerEntityManagerFactoryBean.createNativeEntityManagerFactory(LocalContainerEntityManagerFactoryBean.java:365) ~[spring-orm-5.3.20.jar:5.3.20]
	at org.springframework.orm.jpa.AbstractEntityManagerFactoryBean.buildNativeEntityManagerFactory(AbstractEntityManagerFactoryBean.java:409) ~[spring-orm-5.3.20.jar:5.3.20]
	at org.springframework.orm.jpa.AbstractEntityManagerFactoryBean.afterPropertiesSet(AbstractEntityManagerFactoryBean.java:396) ~[spring-orm-5.3.20.jar:5.3.20]
	at org.springframework.orm.jpa.LocalContainerEntityManagerFactoryBean.afterPropertiesSet(LocalContainerEntityManagerFactoryBean.java:341) ~[spring-orm-5.3.20.jar:5.3.20]
	at org.springframework.beans.factory.support.AbstractAutowireCapableBeanFactory.invokeInitMethods(AbstractAutowireCapableBeanFactory.java:1863) ~[spring-beans-5.3.20.jar:5.3.20]
	at org.springframework.beans.factory.support.AbstractAutowireCapableBeanFactory.initializeBean(AbstractAutowireCapableBeanFactory.java:1800) ~[spring-beans-5.3.20.jar:5.3.20]
	at org.springframework.beans.factory.support.AbstractAutowireCapableBeanFactory.doCreateBean(AbstractAutowireCapableBeanFactory.java:620) ~[spring-beans-5.3.20.jar:5.3.20]
	at org.springframework.beans.factory.support.AbstractAutowireCapableBeanFactory.createBean(AbstractAutowireCapableBeanFactory.java:542) ~[spring-beans-5.3.20.jar:5.3.20]
	at org.springframework.beans.factory.support.AbstractBeanFactory.lambda$doGetBean$0(AbstractBeanFactory.java:335) ~[spring-beans-5.3.20.jar:5.3.20]
	at org.springframework.beans.factory.support.DefaultSingletonBeanRegistry.getSingleton(DefaultSingletonBeanRegistry.java:234) ~[spring-beans-5.3.20.jar:5.3.20]
	at org.springframework.beans.factory.support.AbstractBeanFactory.doGetBean(AbstractBeanFactory.java:333) ~[spring-beans-5.3.20.jar:5.3.20]
	at org.springframework.beans.factory.support.AbstractBeanFactory.getBean(AbstractBeanFactory.java:208) ~[spring-beans-5.3.20.jar:5.3.20]
	at org.springframework.context.support.AbstractApplicationContext.getBean(AbstractApplicationContext.java:1154) ~[spring-context-5.3.20.jar:5.3.20]
	at org.springframework.context.support.AbstractApplicationContext.finishBeanFactoryInitialization(AbstractApplicationContext.java:908) ~[spring-context-5.3.20.jar:5.3.20]
	at org.springframework.context.support.AbstractApplicationContext.refresh(AbstractApplicationContext.java:583) ~[spring-context-5.3.20.jar:5.3.20]
	at org.springframework.boot.web.servlet.context.ServletWebServerApplicationContext.refresh(ServletWebServerApplicationContext.java:147) ~[spring-boot-2.7.0.jar:2.7.0]
	at org.springframework.boot.SpringApplication.refresh(SpringApplication.java:734) ~[spring-boot-2.7.0.jar:2.7.0]
	at org.springframework.boot.SpringApplication.refreshContext(SpringApplication.java:408) ~[spring-boot-2.7.0.jar:2.7.0]
	at org.springframework.boot.SpringApplication.run(SpringApplication.java:308) ~[spring-boot-2.7.0.jar:2.7.0]
	at org.springframework.boot.SpringApplication.run(SpringApplication.java:1306) ~[spring-boot-2.7.0.jar:2.7.0]
	at org.springframework.boot.SpringApplication.run(SpringApplication.java:1295) ~[spring-boot-2.7.0.jar:2.7.0]
	at com.example.springproject.SpringProjectApplication.main(SpringProjectApplication.java:10) ~[classes/:na]
Caused by: java.sql.SQLSyntaxErrorException: Table 'bookuserdb.lona_books' doesn't exist
	at com.mysql.cj.jdbc.exceptions.SQLError.createSQLException(SQLError.java:120) ~[mysql-connector-java-8.0.29.jar:8.0.29]
	at com.mysql.cj.jdbc.exceptions.SQLExceptionsMapping.translateException(SQLExceptionsMapping.java:122) ~[mysql-connector-java-8.0.29.jar:8.0.29]
	at com.mysql.cj.jdbc.StatementImpl.executeInternal(StatementImpl.java:763) ~[mysql-connector-java-8.0.29.jar:8.0.29]
	at com.mysql.cj.jdbc.StatementImpl.execute(StatementImpl.java:648) ~[mysql-connector-java-8.0.29.jar:8.0.29]
	at com.zaxxer.hikari.pool.ProxyStatement.execute(ProxyStatement.java:94) ~[HikariCP-4.0.3.jar:na]
	at com.zaxxer.hikari.pool.HikariProxyStatement.execute(HikariProxyStatement.java) ~[HikariCP-4.0.3.jar:na]
	at org.hibernate.tool.schema.internal.exec.GenerationTargetToDatabase.accept(GenerationTargetToDatabase.java:54) ~[hibernate-core-5.6.9.Final.jar:5.6.9.Final]
	... 35 common frames omitted

٢٠٢٢-٠٦-٠٤ ١٣:٥٨:٥٣.٢٥١  WARN 2300 --- [main] o.h.t.s.i.ExceptionHandlerLoggedImpl     : GenerationTarget encountered exception accepting command : Error executing DDL "alter table lona_books drop foreign key FKxia0sc4uhcqua23aius45sy0" via JDBC Statement

org.hibernate.tool.schema.spi.CommandAcceptanceException: Error executing DDL "alter table lona_books drop foreign key FKxia0sc4uhcqua23aius45sy0" via JDBC Statement
	at org.hibernate.tool.schema.internal.exec.GenerationTargetToDatabase.accept(GenerationTargetToDatabase.java:67) ~[hibernate-core-5.6.9.Final.jar:5.6.9.Final]
	at org.hibernate.tool.schema.internal.SchemaDropperImpl.applySqlString(SchemaDropperImpl.java:387) ~[hibernate-core-5.6.9.Final.jar:5.6.9.Final]
	at org.hibernate.tool.schema.internal.SchemaDropperImpl.applySqlStrings(SchemaDropperImpl.java:371) ~[hibernate-core-5.6.9.Final.jar:5.6.9.Final]
	at org.hibernate.tool.schema.internal.SchemaDropperImpl.applyConstraintDropping(SchemaDropperImpl.java:341) ~[hibernate-core-5.6.9.Final.jar:5.6.9.Final]
	at org.hibernate.tool.schema.internal.SchemaDropperImpl.dropFromMetadata(SchemaDropperImpl.java:235) ~[hibernate-core-5.6.9.Final.jar:5.6.9.Final]
	at org.hibernate.tool.schema.internal.SchemaDropperImpl.performDrop(SchemaDropperImpl.java:156) ~[hibernate-core-5.6.9.Final.jar:5.6.9.Final]
	at org.hibernate.tool.schema.internal.SchemaDropperImpl.doDrop(SchemaDropperImpl.java:128) ~[hibernate-core-5.6.9.Final.jar:5.6.9.Final]
	at org.hibernate.tool.schema.internal.SchemaDropperImpl.doDrop(SchemaDropperImpl.java:114) ~[hibernate-core-5.6.9.Final.jar:5.6.9.Final]
	at org.hibernate.tool.schema.spi.SchemaManagementToolCoordinator.performDatabaseAction(SchemaManagementToolCoordinator.java:157) ~[hibernate-core-5.6.9.Final.jar:5.6.9.Final]
	at org.hibernate.tool.schema.spi.SchemaManagementToolCoordinator.process(SchemaManagementToolCoordinator.java:85) ~[hibernate-core-5.6.9.Final.jar:5.6.9.Final]
	at org.hibernate.internal.SessionFactoryImpl.<init>(SessionFactoryImpl.java:335) ~[hibernate-core-5.6.9.Final.jar:5.6.9.Final]
	at org.hibernate.boot.internal.SessionFactoryBuilderImpl.build(SessionFactoryBuilderImpl.java:471) ~[hibernate-core-5.6.9.Final.jar:5.6.9.Final]
	at org.hibernate.jpa.boot.internal.EntityManagerFactoryBuilderImpl.build(EntityManagerFactoryBuilderImpl.java:1498) ~[hibernate-core-5.6.9.Final.jar:5.6.9.Final]
	at org.springframework.orm.jpa.vendor.SpringHibernateJpaPersistenceProvider.createContainerEntityManagerFactory(SpringHibernateJpaPersistenceProvider.java:58) ~[spring-orm-5.3.20.jar:5.3.20]
	at org.springframework.orm.jpa.LocalContainerEntityManagerFactoryBean.createNativeEntityManagerFactory(LocalContainerEntityManagerFactoryBean.java:365) ~[spring-orm-5.3.20.jar:5.3.20]
	at org.springframework.orm.jpa.AbstractEntityManagerFactoryBean.buildNativeEntityManagerFactory(AbstractEntityManagerFactoryBean.java:409) ~[spring-orm-5.3.20.jar:5.3.20]
	at org.springframework.orm.jpa.AbstractEntityManagerFactoryBean.afterPropertiesSet(AbstractEntityManagerFactoryBean.java:396) ~[spring-orm-5.3.20.jar:5.3.20]
	at org.springframework.orm.jpa.LocalContainerEntityManagerFactoryBean.afterPropertiesSet(LocalContainerEntityManagerFactoryBean.java:341) ~[spring-orm-5.3.20.jar:5.3.20]
	at org.springframework.beans.factory.support.AbstractAutowireCapableBeanFactory.invokeInitMethods(AbstractAutowireCapableBeanFactory.java:1863) ~[spring-beans-5.3.20.jar:5.3.20]
	at org.springframework.beans.factory.support.AbstractAutowireCapableBeanFactory.initializeBean(AbstractAutowireCapableBeanFactory.java:1800) ~[spring-beans-5.3.20.jar:5.3.20]
	at org.springframework.beans.factory.support.AbstractAutowireCapableBeanFactory.doCreateBean(AbstractAutowireCapableBeanFactory.java:620) ~[spring-beans-5.3.20.jar:5.3.20]
	at org.springframework.beans.factory.support.AbstractAutowireCapableBeanFactory.createBean(AbstractAutowireCapableBeanFactory.java:542) ~[spring-beans-5.3.20.jar:5.3.20]
	at org.springframework.beans.factory.support.AbstractBeanFactory.lambda$doGetBean$0(AbstractBeanFactory.java:335) ~[spring-beans-5.3.20.jar:5.3.20]
	at org.springframework.beans.factory.support.DefaultSingletonBeanRegistry.getSingleton(DefaultSingletonBeanRegistry.java:234) ~[spring-beans-5.3.20.jar:5.3.20]
	at org.springframework.beans.factory.support.AbstractBeanFactory.doGetBean(AbstractBeanFactory.java:333) ~[spring-beans-5.3.20.jar:5.3.20]
	at org.springframework.beans.factory.support.AbstractBeanFactory.getBean(AbstractBeanFactory.java:208) ~[spring-beans-5.3.20.jar:5.3.20]
	at org.springframework.context.support.AbstractApplicationContext.getBean(AbstractApplicationContext.java:1154) ~[spring-context-5.3.20.jar:5.3.20]
	at org.springframework.context.support.AbstractApplicationContext.finishBeanFactoryInitialization(AbstractApplicationContext.java:908) ~[spring-context-5.3.20.jar:5.3.20]
	at org.springframework.context.support.AbstractApplicationContext.refresh(AbstractApplicationContext.java:583) ~[spring-context-5.3.20.jar:5.3.20]
	at org.springframework.boot.web.servlet.context.ServletWebServerApplicationContext.refresh(ServletWebServerApplicationContext.java:147) ~[spring-boot-2.7.0.jar:2.7.0]
	at org.springframework.boot.SpringApplication.refresh(SpringApplication.java:734) ~[spring-boot-2.7.0.jar:2.7.0]
	at org.springframework.boot.SpringApplication.refreshContext(SpringApplication.java:408) ~[spring-boot-2.7.0.jar:2.7.0]
	at org.springframework.boot.SpringApplication.run(SpringApplication.java:308) ~[spring-boot-2.7.0.jar:2.7.0]
	at org.springframework.boot.SpringApplication.run(SpringApplication.java:1306) ~[spring-boot-2.7.0.jar:2.7.0]
	at org.springframework.boot.SpringApplication.run(SpringApplication.java:1295) ~[spring-boot-2.7.0.jar:2.7.0]
	at com.example.springproject.SpringProjectApplication.main(SpringProjectApplication.java:10) ~[classes/:na]
Caused by: java.sql.SQLSyntaxErrorException: Table 'bookuserdb.lona_books' doesn't exist
	at com.mysql.cj.jdbc.exceptions.SQLError.createSQLException(SQLError.java:120) ~[mysql-connector-java-8.0.29.jar:8.0.29]
	at com.mysql.cj.jdbc.exceptions.SQLExceptionsMapping.translateException(SQLExceptionsMapping.java:122) ~[mysql-connector-java-8.0.29.jar:8.0.29]
	at com.mysql.cj.jdbc.StatementImpl.executeInternal(StatementImpl.java:763) ~[mysql-connector-java-8.0.29.jar:8.0.29]
	at com.mysql.cj.jdbc.StatementImpl.execute(StatementImpl.java:648) ~[mysql-connector-java-8.0.29.jar:8.0.29]
	at com.zaxxer.hikari.pool.ProxyStatement.execute(ProxyStatement.java:94) ~[HikariCP-4.0.3.jar:na]
	at com.zaxxer.hikari.pool.HikariProxyStatement.execute(HikariProxyStatement.java) ~[HikariCP-4.0.3.jar:na]
	at org.hibernate.tool.schema.internal.exec.GenerationTargetToDatabase.accept(GenerationTargetToDatabase.java:54) ~[hibernate-core-5.6.9.Final.jar:5.6.9.Final]
	... 35 common frames omitted

٢٠٢٢-٠٦-٠٤ ١٣:٥٨:٥٣.٣٥٢  INFO 2300 --- [main] o.h.e.t.j.p.i.JtaPlatformInitiator       : HHH000490: Using JtaPlatform implementation: [org.hibernate.engine.transaction.jta.platform.internal.NoJtaPlatform]
٢٠٢٢-٠٦-٠٤ ١٣:٥٨:٥٣.٣٥٨  INFO 2300 --- [main] j.LocalContainerEntityManagerFactoryBean : Initialized JPA EntityManagerFactory for persistence unit 'default'
٢٠٢٢-٠٦-٠٤ ١٣:٥٨:٥٣.٦٨٦  WARN 2300 --- [main] JpaBaseConfiguration$JpaWebConfiguration : spring.jpa.open-in-view is enabled by default. Therefore, database queries may be performed during view rendering. Explicitly configure spring.jpa.open-in-view to disable this warning
٢٠٢٢-٠٦-٠٤ ١٣:٥٨:٥٣.٩٨١  INFO 2300 --- [main] o.s.b.w.embedded.tomcat.TomcatWebServer  : Tomcat started on port(s): 8080 (http) with context path ''
٢٠٢٢-٠٦-٠٤ ١٣:٥٨:٥٣.٩٨٩  INFO 2300 --- [main] c.e.s.SpringProjectApplication           : Started SpringProjectApplication in 3.9 seconds (JVM running for 4.743)
٢٠٢٢-٠٦-٠٤ ١٣:٥٩:٢٠.٥٧٠  INFO 2300 --- [SpringApplicationShutdownHook] j.LocalContainerEntityManagerFactoryBean : Closing JPA EntityManagerFactory for persistence unit 'default'
٢٠٢٢-٠٦-٠٤ ١٣:٥٩:٢٠.٥٧١  INFO 2300 --- [SpringApplicationShutdownHook] .SchemaDropperImpl$DelayedDropActionImpl : HHH000477: Starting delayed evictData of schema as part of SessionFactory shut-down'
٢٠٢٢-٠٦-٠٤ ١٣:٥٩:٢٠.٦٠٤  INFO 2300 --- [SpringApplicationShutdownHook] com.zaxxer.hikari.HikariDataSource       : HikariPool-1 - Shutdown initiated...
٢٠٢٢-٠٦-٠٤ ١٣:٥٩:٢٠.٦١٩  INFO 2300 --- [SpringApplicationShutdownHook] com.zaxxer.hikari.HikariDataSource       : HikariPool-1 - Shutdown completed.
٢٠٢٢-٠٦-٠٤ ١٣:٥٩:٢٣.٣٩٠  INFO 2306 --- [main] c.e.s.SpringProjectApplication           : Starting SpringProjectApplication using Java 17.0.2 on MBPalkhasbrenad with PID 2306 (/Users/renad/Desktop/SpringProject/target/classes started by renad in /Users/renad/Desktop/SpringProject)
٢٠٢٢-٠٦-٠٤ ١٣:٥٩:٢٣.٣٩٦  INFO 2306 --- [main] c.e.s.SpringProjectApplication           : No active profile set, falling back to 1 default profile: "default"
٢٠٢٢-٠٦-٠٤ ١٣:٥٩:٢٤.١٧٥  INFO 2306 --- [main] .s.d.r.c.RepositoryConfigurationDelegate : Bootstrapping Spring Data JPA repositories in DEFAULT mode.
٢٠٢٢-٠٦-٠٤ ١٣:٥٩:٢٤.٢٠٨  INFO 2306 --- [main] .s.d.r.c.RepositoryConfigurationDelegate : Finished Spring Data repository scanning in 27 ms. Found 3 JPA repository interfaces.
٢٠٢٢-٠٦-٠٤ ١٣:٥٩:٢٤.٥٢٢  INFO 2306 --- [main] o.s.b.w.embedded.tomcat.TomcatWebServer  : Tomcat initialized with port(s): 8080 (http)
٢٠٢٢-٠٦-٠٤ ١٣:٥٩:٢٤.٥٢٧  INFO 2306 --- [main] o.apache.catalina.core.StandardService   : Starting service [Tomcat]
٢٠٢٢-٠٦-٠٤ ١٣:٥٩:٢٤.٥٢٨  INFO 2306 --- [main] org.apache.catalina.core.StandardEngine  : Starting Servlet engine: [Apache Tomcat/9.0.63]
٢٠٢٢-٠٦-٠٤ ١٣:٥٩:٢٤.٦٢٧  INFO 2306 --- [main] o.a.c.c.C.[Tomcat].[localhost].[/]       : Initializing Spring embedded WebApplicationContext
٢٠٢٢-٠٦-٠٤ ١٣:٥٩:٢٤.٦٢٧  INFO 2306 --- [main] w.s.c.ServletWebServerApplicationContext : Root WebApplicationContext: initialization completed in 1126 ms
٢٠٢٢-٠٦-٠٤ ١٣:٥٩:٢٤.٧٠٨  INFO 2306 --- [main] o.hibernate.jpa.internal.util.LogHelper  : HHH000204: Processing PersistenceUnitInfo [name: default]
٢٠٢٢-٠٦-٠٤ ١٣:٥٩:٢٤.٧٢٩  INFO 2306 --- [main] org.hibernate.Version                    : HHH000412: Hibernate ORM core version 5.6.9.Final
٢٠٢٢-٠٦-٠٤ ١٣:٥٩:٢٤.٨١١  INFO 2306 --- [main] o.hibernate.annotations.common.Version   : HCANN000001: Hibernate Commons Annotations {5.1.2.Final}
٢٠٢٢-٠٦-٠٤ ١٣:٥٩:٢٤.٨٥٧  INFO 2306 --- [main] com.zaxxer.hikari.HikariDataSource       : HikariPool-1 - Starting...
٢٠٢٢-٠٦-٠٤ ١٣:٥٩:٢٥.٠٦٤  INFO 2306 --- [main] com.zaxxer.hikari.HikariDataSource       : HikariPool-1 - Start completed.
٢٠٢٢-٠٦-٠٤ ١٣:٥٩:٢٥.٠٧١  INFO 2306 --- [main] org.hibernate.dialect.Dialect            : HHH000400: Using dialect: org.hibernate.dialect.MySQL5InnoDBDialect
٢٠٢٢-٠٦-٠٤ ١٣:٥٩:٢٥.٥٨٥  INFO 2306 --- [main] o.h.e.t.j.p.i.JtaPlatformInitiator       : HHH000490: Using JtaPlatform implementation: [org.hibernate.engine.transaction.jta.platform.internal.NoJtaPlatform]
٢٠٢٢-٠٦-٠٤ ١٣:٥٩:٢٥.٥٨٩  INFO 2306 --- [main] j.LocalContainerEntityManagerFactoryBean : Initialized JPA EntityManagerFactory for persistence unit 'default'
٢٠٢٢-٠٦-٠٤ ١٣:٥٩:٢٥.٨٢٥  WARN 2306 --- [main] JpaBaseConfiguration$JpaWebConfiguration : spring.jpa.open-in-view is enabled by default. Therefore, database queries may be performed during view rendering. Explicitly configure spring.jpa.open-in-view to disable this warning
٢٠٢٢-٠٦-٠٤ ١٣:٥٩:٢٦.٠٢٧  INFO 2306 --- [main] o.s.b.w.embedded.tomcat.TomcatWebServer  : Tomcat started on port(s): 8080 (http) with context path ''
٢٠٢٢-٠٦-٠٤ ١٣:٥٩:٢٦.٠٣٦  INFO 2306 --- [main] c.e.s.SpringProjectApplication           : Started SpringProjectApplication in 2.934 seconds (JVM running for 3.574)
٢٠٢٢-٠٦-٠٤ ١٣:٥٩:٤٤.٣٢٣  INFO 2306 --- [http-nio-8080-exec-1] o.a.c.c.C.[Tomcat].[localhost].[/]       : Initializing Spring DispatcherServlet 'dispatcherServlet'
٢٠٢٢-٠٦-٠٤ ١٣:٥٩:٤٤.٣٢٤  INFO 2306 --- [http-nio-8080-exec-1] o.s.web.servlet.DispatcherServlet        : Initializing Servlet 'dispatcherServlet'
٢٠٢٢-٠٦-٠٤ ١٣:٥٩:٤٤.٣٢٥  INFO 2306 --- [http-nio-8080-exec-1] o.s.web.servlet.DispatcherServlet        : Completed initialization in 1 ms
٢٠٢٢-٠٦-٠٤ ١٣:٥٩:٤٤.٣٥٠  INFO 2306 --- [http-nio-8080-exec-1] c.e.s.controoller.MyUserControoller      : user are return by method getStudents() 
٢٠٢٢-٠٦-٠٤ ١٣:٥٩:٤٨.٤٠٧  INFO 2306 --- [http-nio-8080-exec-3] c.e.s.controoller.MyUserControoller      : user are add by method adduser() 
٢٠٢٢-٠٦-٠٤ ١٣:٥٩:٤٩.٣١٧  INFO 2306 --- [http-nio-8080-exec-4] c.e.s.controoller.MyUserControoller      : user are add by method adduser() 
٢٠٢٢-٠٦-٠٤ ١٣:٥٩:٤٩.٩٩٢  INFO 2306 --- [http-nio-8080-exec-5] c.e.s.controoller.MyUserControoller      : user are add by method adduser() 
٢٠٢٢-٠٦-٠٤ ١٣:٥٩:٥٠.٧٣٥  INFO 2306 --- [http-nio-8080-exec-6] c.e.s.controoller.MyUserControoller      : user are add by method adduser() 
٢٠٢٢-٠٦-٠٤ ١٣:٥٩:٥١.٠٩٤  INFO 2306 --- [http-nio-8080-exec-7] c.e.s.controoller.MyUserControoller      : user are add by method adduser() 
٢٠٢٢-٠٦-٠٤ ١٣:٥٩:٥١.٥٧٩  INFO 2306 --- [http-nio-8080-exec-8] c.e.s.controoller.MyUserControoller      : user are add by method adduser() 
٢٠٢٢-٠٦-٠٤ ١٣:٥٩:٥٢.٠١٣  INFO 2306 --- [http-nio-8080-exec-9] c.e.s.controoller.MyUserControoller      : user are add by method adduser() 
٢٠٢٢-٠٦-٠٤ ١٣:٥٩:٥٤.٦٧٥  INFO 2306 --- [http-nio-8080-exec-10] c.e.s.controoller.MyUserControoller      : user are return by method getStudents() 
٢٠٢٢-٠٦-٠٤ ١٤:٠٠:٠٤.٩٢١  INFO 2306 --- [http-nio-8080-exec-2] c.e.s.controoller.LonaControoller        : Lona are return by method getLona() 
٢٠٢٢-٠٦-٠٤ ١٤:٠٠:١٠.٣٢١  INFO 2306 --- [http-nio-8080-exec-1] c.e.s.controoller.LonaControoller        : lona are add by method addLona()
٢٠٢٢-٠٦-٠٤ ١٤:٠٠:١٠.٩٣٠  INFO 2306 --- [http-nio-8080-exec-3] c.e.s.controoller.LonaControoller        : lona are add by method addLona()
٢٠٢٢-٠٦-٠٤ ١٤:٠٠:١١.٣٥٤  INFO 2306 --- [http-nio-8080-exec-4] c.e.s.controoller.LonaControoller        : lona are add by method addLona()
٢٠٢٢-٠٦-٠٤ ١٤:٠٠:١١.٧٦١  INFO 2306 --- [http-nio-8080-exec-5] c.e.s.controoller.LonaControoller        : lona are add by method addLona()
٢٠٢٢-٠٦-٠٤ ١٤:٠٠:١٢.١٥٠  INFO 2306 --- [http-nio-8080-exec-6] c.e.s.controoller.LonaControoller        : lona are add by method addLona()
٢٠٢٢-٠٦-٠٤ ١٤:٠٠:١٥.٠٢١  INFO 2306 --- [http-nio-8080-exec-7] c.e.s.controoller.LonaControoller        : Lona are return by method getLona() 
٢٠٢٢-٠٦-٠٤ ١٤:٠٠:٢٦.١١١  INFO 2306 --- [http-nio-8080-exec-8] c.e.s.controoller.BookControoller        : Book are return by method getBook() 
٢٠٢٢-٠٦-٠٤ ١٤:٠٠:٣٣.٠٤٥  INFO 2306 --- [http-nio-8080-exec-9] c.e.s.controoller.BookControoller        : book are add by method addbook()
٢٠٢٢-٠٦-٠٤ ١٤:٠٠:٣٣.٧١٨  INFO 2306 --- [http-nio-8080-exec-10] c.e.s.controoller.BookControoller        : book are add by method addbook()
٢٠٢٢-٠٦-٠٤ ١٤:٠٠:٣٤.١٤٦  INFO 2306 --- [http-nio-8080-exec-2] c.e.s.controoller.BookControoller        : book are add by method addbook()
٢٠٢٢-٠٦-٠٤ ١٤:٠٠:٣٤.٦٣١  INFO 2306 --- [http-nio-8080-exec-1] c.e.s.controoller.BookControoller        : book are add by method addbook()
٢٠٢٢-٠٦-٠٤ ١٤:٠٠:٣٤.٩٩٦  INFO 2306 --- [http-nio-8080-exec-3] c.e.s.controoller.BookControoller        : book are add by method addbook()
٢٠٢٢-٠٦-٠٤ ١٤:٠٠:٣٩.٠٩٣  INFO 2306 --- [http-nio-8080-exec-4] c.e.s.controoller.BookControoller        : Book are return by method getBook() 
٢٠٢٢-٠٦-٠٤ ١٤:٠١:١٠.٨٥٧  INFO 2306 --- [http-nio-8080-exec-6] c.e.s.controoller.BookControoller        : Book id are return by method getAllLendBook() 
٢٠٢٢-٠٦-٠٤ ١٤:٠٢:٣١.٣٩٦  INFO 2306 --- [http-nio-8080-exec-9] c.e.s.controoller.BookControoller        : lona book are return by method getlona() 
٢٠٢٢-٠٦-٠٤ ١٤:١٦:٣٧.٨٩٠  INFO 2306 --- [SpringApplicationShutdownHook] j.LocalContainerEntityManagerFactoryBean : Closing JPA EntityManagerFactory for persistence unit 'default'
٢٠٢٢-٠٦-٠٤ ١٤:١٦:٣٧.٨٩٩  INFO 2306 --- [SpringApplicationShutdownHook] com.zaxxer.hikari.HikariDataSource       : HikariPool-1 - Shutdown initiated...
٢٠٢٢-٠٦-٠٤ ١٤:١٦:٣٧.٩١٢  INFO 2306 --- [SpringApplicationShutdownHook] com.zaxxer.hikari.HikariDataSource       : HikariPool-1 - Shutdown completed.
٢٠٢٢-٠٦-٠٤ ١٤:١٦:٤٢.٨٣٤  INFO 2390 --- [main] c.e.s.SpringProjectApplication           : Starting SpringProjectApplication using Java 17.0.2 on MBPalkhasbrenad with PID 2390 (/Users/renad/Desktop/SpringProject/target/classes started by renad in /Users/renad/Desktop/SpringProject)
٢٠٢٢-٠٦-٠٤ ١٤:١٦:٤٢.٨٣٩  INFO 2390 --- [main] c.e.s.SpringProjectApplication           : No active profile set, falling back to 1 default profile: "default"
٢٠٢٢-٠٦-٠٤ ١٤:١٦:٤٣.٧٧٥  INFO 2390 --- [main] .s.d.r.c.RepositoryConfigurationDelegate : Bootstrapping Spring Data JPA repositories in DEFAULT mode.
٢٠٢٢-٠٦-٠٤ ١٤:١٦:٤٣.٨٩٤  INFO 2390 --- [main] .s.d.r.c.RepositoryConfigurationDelegate : Finished Spring Data repository scanning in 96 ms. Found 3 JPA repository interfaces.
٢٠٢٢-٠٦-٠٤ ١٤:١٦:٤٤.٤٣٤  INFO 2390 --- [main] o.s.b.w.embedded.tomcat.TomcatWebServer  : Tomcat initialized with port(s): 8080 (http)
٢٠٢٢-٠٦-٠٤ ١٤:١٦:٤٤.٤٤٢  INFO 2390 --- [main] o.apache.catalina.core.StandardService   : Starting service [Tomcat]
٢٠٢٢-٠٦-٠٤ ١٤:١٦:٤٤.٤٤٢  INFO 2390 --- [main] org.apache.catalina.core.StandardEngine  : Starting Servlet engine: [Apache Tomcat/9.0.63]
٢٠٢٢-٠٦-٠٤ ١٤:١٦:٤٤.٥٢٩  INFO 2390 --- [main] o.a.c.c.C.[Tomcat].[localhost].[/]       : Initializing Spring embedded WebApplicationContext
٢٠٢٢-٠٦-٠٤ ١٤:١٦:٤٤.٥٢٩  INFO 2390 --- [main] w.s.c.ServletWebServerApplicationContext : Root WebApplicationContext: initialization completed in 1618 ms
٢٠٢٢-٠٦-٠٤ ١٤:١٦:٤٤.٦٢٢  INFO 2390 --- [main] o.hibernate.jpa.internal.util.LogHelper  : HHH000204: Processing PersistenceUnitInfo [name: default]
٢٠٢٢-٠٦-٠٤ ١٤:١٦:٤٤.٦٥٦  INFO 2390 --- [main] org.hibernate.Version                    : HHH000412: Hibernate ORM core version 5.6.9.Final
٢٠٢٢-٠٦-٠٤ ١٤:١٦:٤٤.٧٩٦  INFO 2390 --- [main] o.hibernate.annotations.common.Version   : HCANN000001: Hibernate Commons Annotations {5.1.2.Final}
٢٠٢٢-٠٦-٠٤ ١٤:١٦:٤٤.٩٠١  INFO 2390 --- [main] com.zaxxer.hikari.HikariDataSource       : HikariPool-1 - Starting...
٢٠٢٢-٠٦-٠٤ ١٤:١٦:٤٥.١١٧  INFO 2390 --- [main] com.zaxxer.hikari.HikariDataSource       : HikariPool-1 - Start completed.
٢٠٢٢-٠٦-٠٤ ١٤:١٦:٤٥.١٣١  INFO 2390 --- [main] org.hibernate.dialect.Dialect            : HHH000400: Using dialect: org.hibernate.dialect.MySQL5InnoDBDialect
٢٠٢٢-٠٦-٠٤ ١٤:١٦:٤٥.٨٢١  INFO 2390 --- [main] o.h.e.t.j.p.i.JtaPlatformInitiator       : HHH000490: Using JtaPlatform implementation: [org.hibernate.engine.transaction.jta.platform.internal.NoJtaPlatform]
٢٠٢٢-٠٦-٠٤ ١٤:١٦:٤٥.٨٢٦  INFO 2390 --- [main] j.LocalContainerEntityManagerFactoryBean : Initialized JPA EntityManagerFactory for persistence unit 'default'
٢٠٢٢-٠٦-٠٤ ١٤:١٦:٤٦.٠٩٨  WARN 2390 --- [main] JpaBaseConfiguration$JpaWebConfiguration : spring.jpa.open-in-view is enabled by default. Therefore, database queries may be performed during view rendering. Explicitly configure spring.jpa.open-in-view to disable this warning
٢٠٢٢-٠٦-٠٤ ١٤:١٦:٤٦.٣٤٩  INFO 2390 --- [main] o.s.b.w.embedded.tomcat.TomcatWebServer  : Tomcat started on port(s): 8080 (http) with context path ''
٢٠٢٢-٠٦-٠٤ ١٤:١٦:٤٦.٣٥٧  INFO 2390 --- [main] c.e.s.SpringProjectApplication           : Started SpringProjectApplication in 3.8 seconds (JVM running for 4.451)
٢٠٢٢-٠٦-٠٤ ١٤:٢٦:٥٩.١٨٧  WARN 2390 --- [HikariPool-1 housekeeper] com.zaxxer.hikari.pool.HikariPool        : HikariPool-1 - Thread starvation or clock leap detected (housekeeper delta=9m43s940ms).
٢٠٢٢-٠٦-٠٤ ١٤:٣٧:١٣.١٩٩  WARN 2390 --- [HikariPool-1 housekeeper] com.zaxxer.hikari.pool.HikariPool        : HikariPool-1 - Thread starvation or clock leap detected (housekeeper delta=9m43s989ms).
٢٠٢٢-٠٦-٠٤ ١٤:٣٩:٥٧.٠٠٩  WARN 2390 --- [HikariPool-1 housekeeper] com.zaxxer.hikari.pool.HikariPool        : HikariPool-1 - Thread starvation or clock leap detected (housekeeper delta=2m43s811ms).
٢٠٢٢-٠٦-٠٤ ١٤:٥٠:١١.٢١٨  WARN 2390 --- [HikariPool-1 housekeeper] com.zaxxer.hikari.pool.HikariPool        : HikariPool-1 - Thread starvation or clock leap detected (housekeeper delta=9m43s975ms).
٢٠٢٢-٠٦-٠٤ ١٤:٥٨:٠٩.٢١١  WARN 2390 --- [HikariPool-1 housekeeper] com.zaxxer.hikari.pool.HikariPool        : HikariPool-1 - Thread starvation or clock leap detected (housekeeper delta=7m27s978ms).
٢٠٢٢-٠٦-٠٤ ١٥:٠٨:٢٣.٢٥٣  WARN 2390 --- [HikariPool-1 housekeeper] com.zaxxer.hikari.pool.HikariPool        : HikariPool-1 - Thread starvation or clock leap detected (housekeeper delta=9m43s967ms).
٢٠٢٢-٠٦-٠٤ ١٥:٠٩:٢٢.٤٢٠  WARN 2390 --- [HikariPool-1 housekeeper] com.zaxxer.hikari.pool.HikariPool        : HikariPool-1 - Retrograde clock change detected (housekeeper delta=29s218ms), soft-evicting connections from pool.
٢٠٢٢-٠٦-٠٤ ١٥:١٩:٠٧.٢٨١  WARN 2390 --- [HikariPool-1 housekeeper] com.zaxxer.hikari.pool.HikariPool        : HikariPool-1 - Thread starvation or clock leap detected (housekeeper delta=9m44s860ms).
٢٠٢٢-٠٦-٠٤ ١٥:٢١:٢٨.٢٨٨  WARN 2390 --- [HikariPool-1 housekeeper] com.zaxxer.hikari.pool.HikariPool        : HikariPool-1 - Thread starvation or clock leap detected (housekeeper delta=1m51s32ms).
٢٠٢٢-٠٦-٠٤ ١٥:٢١:٥٧.٨٢٠  WARN 2390 --- [HikariPool-1 housekeeper] com.zaxxer.hikari.pool.HikariPool        : HikariPool-1 - Retrograde clock change detected (housekeeper delta=29s532ms), soft-evicting connections from pool.
٢٠٢٢-٠٦-٠٤ ١٥:٥٢:١٧.٣٠١  WARN 2390 --- [HikariPool-1 housekeeper] com.zaxxer.hikari.pool.HikariPool        : HikariPool-1 - Thread starvation or clock leap detected (housekeeper delta=30m19s481ms).
٢٠٢٢-٠٦-٠٤ ١٧:٢٢:١٤.٠٠٨  WARN 2390 --- [HikariPool-1 housekeeper] com.zaxxer.hikari.pool.HikariPool        : HikariPool-1 - Thread starvation or clock leap detected (housekeeper delta=1h29m56s707ms).
٢٠٢٢-٠٦-٠٤ ١٧:٣٠:٤١.٤١٠  WARN 2390 --- [HikariPool-1 housekeeper] com.zaxxer.hikari.pool.HikariPool        : HikariPool-1 - Thread starvation or clock leap detected (housekeeper delta=7m57s395ms).
٢٠٢٢-٠٦-٠٤ ١٧:٣٤:٥٨.٥٠٥  INFO 2390 --- [SpringApplicationShutdownHook] j.LocalContainerEntityManagerFactoryBean : Closing JPA EntityManagerFactory for persistence unit 'default'
٢٠٢٢-٠٦-٠٤ ١٧:٣٤:٥٨.٥٠٩  INFO 2390 --- [SpringApplicationShutdownHook] com.zaxxer.hikari.HikariDataSource       : HikariPool-1 - Shutdown initiated...
٢٠٢٢-٠٦-٠٤ ١٧:٣٤:٥٨.٥١٣  INFO 2390 --- [SpringApplicationShutdownHook] com.zaxxer.hikari.HikariDataSource       : HikariPool-1 - Shutdown completed.
٢٠٢٢-٠٦-٠٤ ١٧:٣٥:٠٢.١٤٥  INFO 2610 --- [main] c.e.s.SpringProjectApplication           : Starting SpringProjectApplication using Java 17.0.2 on MBPalkhasbrenad with PID 2610 (/Users/renad/Desktop/SpringProject/target/classes started by renad in /Users/renad/Desktop/SpringProject)
٢٠٢٢-٠٦-٠٤ ١٧:٣٥:٠٢.١٤٩  INFO 2610 --- [main] c.e.s.SpringProjectApplication           : No active profile set, falling back to 1 default profile: "default"
٢٠٢٢-٠٦-٠٤ ١٧:٣٥:٠٣.٢٨٨  INFO 2610 --- [main] .s.d.r.c.RepositoryConfigurationDelegate : Bootstrapping Spring Data JPA repositories in DEFAULT mode.
٢٠٢٢-٠٦-٠٤ ١٧:٣٥:٠٣.٣٣٨  INFO 2610 --- [main] .s.d.r.c.RepositoryConfigurationDelegate : Finished Spring Data repository scanning in 41 ms. Found 3 JPA repository interfaces.
٢٠٢٢-٠٦-٠٤ ١٧:٣٥:٠٣.٨٦١  INFO 2610 --- [main] o.s.b.w.embedded.tomcat.TomcatWebServer  : Tomcat initialized with port(s): 8080 (http)
٢٠٢٢-٠٦-٠٤ ١٧:٣٥:٠٣.٨٧٣  INFO 2610 --- [main] o.apache.catalina.core.StandardService   : Starting service [Tomcat]
٢٠٢٢-٠٦-٠٤ ١٧:٣٥:٠٣.٨٧٤  INFO 2610 --- [main] org.apache.catalina.core.StandardEngine  : Starting Servlet engine: [Apache Tomcat/9.0.63]
٢٠٢٢-٠٦-٠٤ ١٧:٣٥:٠٣.٩٨٢  INFO 2610 --- [main] o.a.c.c.C.[Tomcat].[localhost].[/]       : Initializing Spring embedded WebApplicationContext
٢٠٢٢-٠٦-٠٤ ١٧:٣٥:٠٣.٩٨٣  INFO 2610 --- [main] w.s.c.ServletWebServerApplicationContext : Root WebApplicationContext: initialization completed in 1658 ms
٢٠٢٢-٠٦-٠٤ ١٧:٣٥:٠٤.٠٨٣  INFO 2610 --- [main] o.hibernate.jpa.internal.util.LogHelper  : HHH000204: Processing PersistenceUnitInfo [name: default]
٢٠٢٢-٠٦-٠٤ ١٧:٣٥:٠٤.١٢٦  INFO 2610 --- [main] org.hibernate.Version                    : HHH000412: Hibernate ORM core version 5.6.9.Final
٢٠٢٢-٠٦-٠٤ ١٧:٣٥:٠٤.٢٦٠  INFO 2610 --- [main] o.hibernate.annotations.common.Version   : HCANN000001: Hibernate Commons Annotations {5.1.2.Final}
٢٠٢٢-٠٦-٠٤ ١٧:٣٥:٠٤.٣٤٢  INFO 2610 --- [main] com.zaxxer.hikari.HikariDataSource       : HikariPool-1 - Starting...
٢٠٢٢-٠٦-٠٤ ١٧:٣٥:٠٤.٥٨٠  INFO 2610 --- [main] com.zaxxer.hikari.HikariDataSource       : HikariPool-1 - Start completed.
٢٠٢٢-٠٦-٠٤ ١٧:٣٥:٠٤.٥٩٦  INFO 2610 --- [main] org.hibernate.dialect.Dialect            : HHH000400: Using dialect: org.hibernate.dialect.MySQL5InnoDBDialect
٢٠٢٢-٠٦-٠٤ ١٧:٣٥:٠٥.٣٢٨  INFO 2610 --- [main] o.h.e.t.j.p.i.JtaPlatformInitiator       : HHH000490: Using JtaPlatform implementation: [org.hibernate.engine.transaction.jta.platform.internal.NoJtaPlatform]
٢٠٢٢-٠٦-٠٤ ١٧:٣٥:٠٥.٣٣٤  INFO 2610 --- [main] j.LocalContainerEntityManagerFactoryBean : Initialized JPA EntityManagerFactory for persistence unit 'default'
٢٠٢٢-٠٦-٠٤ ١٧:٣٥:٠٥.٦٦١  WARN 2610 --- [main] JpaBaseConfiguration$JpaWebConfiguration : spring.jpa.open-in-view is enabled by default. Therefore, database queries may be performed during view rendering. Explicitly configure spring.jpa.open-in-view to disable this warning
٢٠٢٢-٠٦-٠٤ ١٧:٣٥:٠٥.٩٠٨  INFO 2610 --- [main] o.s.b.w.embedded.tomcat.TomcatWebServer  : Tomcat started on port(s): 8080 (http) with context path ''
٢٠٢٢-٠٦-٠٤ ١٧:٣٥:٠٥.٩١٦  INFO 2610 --- [main] c.e.s.SpringProjectApplication           : Started SpringProjectApplication in 4.108 seconds (JVM running for 4.979)
٢٠٢٢-٠٦-٠٤ ١٧:٣٥:٣٦.١٥٢  INFO 2610 --- [SpringApplicationShutdownHook] j.LocalContainerEntityManagerFactoryBean : Closing JPA EntityManagerFactory for persistence unit 'default'
٢٠٢٢-٠٦-٠٤ ١٧:٣٥:٣٦.١٥٥  INFO 2610 --- [SpringApplicationShutdownHook] com.zaxxer.hikari.HikariDataSource       : HikariPool-1 - Shutdown initiated...
٢٠٢٢-٠٦-٠٤ ١٧:٣٥:٣٦.١٦١  INFO 2610 --- [SpringApplicationShutdownHook] com.zaxxer.hikari.HikariDataSource       : HikariPool-1 - Shutdown completed.
٢٠٢٢-٠٦-٠٤ ١٧:٣٥:٣٩.٢٥٣  INFO 2627 --- [main] c.e.s.SpringProjectApplication           : Starting SpringProjectApplication using Java 17.0.2 on MBPalkhasbrenad with PID 2627 (/Users/renad/Desktop/SpringProject/target/classes started by renad in /Users/renad/Desktop/SpringProject)
٢٠٢٢-٠٦-٠٤ ١٧:٣٥:٣٩.٢٥٦  INFO 2627 --- [main] c.e.s.SpringProjectApplication           : No active profile set, falling back to 1 default profile: "default"
٢٠٢٢-٠٦-٠٤ ١٧:٣٥:٣٩.٨٩٠  INFO 2627 --- [main] .s.d.r.c.RepositoryConfigurationDelegate : Bootstrapping Spring Data JPA repositories in DEFAULT mode.
٢٠٢٢-٠٦-٠٤ ١٧:٣٥:٣٩.٩٢٧  INFO 2627 --- [main] .s.d.r.c.RepositoryConfigurationDelegate : Finished Spring Data repository scanning in 31 ms. Found 3 JPA repository interfaces.
٢٠٢٢-٠٦-٠٤ ١٧:٣٥:٤٠.٣٠٥  INFO 2627 --- [main] o.s.b.w.embedded.tomcat.TomcatWebServer  : Tomcat initialized with port(s): 8080 (http)
٢٠٢٢-٠٦-٠٤ ١٧:٣٥:٤٠.٣١١  INFO 2627 --- [main] o.apache.catalina.core.StandardService   : Starting service [Tomcat]
٢٠٢٢-٠٦-٠٤ ١٧:٣٥:٤٠.٣١١  INFO 2627 --- [main] org.apache.catalina.core.StandardEngine  : Starting Servlet engine: [Apache Tomcat/9.0.63]
٢٠٢٢-٠٦-٠٤ ١٧:٣٥:٤٠.٣٨٨  INFO 2627 --- [main] o.a.c.c.C.[Tomcat].[localhost].[/]       : Initializing Spring embedded WebApplicationContext
٢٠٢٢-٠٦-٠٤ ١٧:٣٥:٤٠.٣٨٨  INFO 2627 --- [main] w.s.c.ServletWebServerApplicationContext : Root WebApplicationContext: initialization completed in 1077 ms
٢٠٢٢-٠٦-٠٤ ١٧:٣٥:٤٠.٤٨١  INFO 2627 --- [main] o.hibernate.jpa.internal.util.LogHelper  : HHH000204: Processing PersistenceUnitInfo [name: default]
٢٠٢٢-٠٦-٠٤ ١٧:٣٥:٤٠.٥١٠  INFO 2627 --- [main] org.hibernate.Version                    : HHH000412: Hibernate ORM core version 5.6.9.Final
٢٠٢٢-٠٦-٠٤ ١٧:٣٥:٤٠.٦٢٩  INFO 2627 --- [main] o.hibernate.annotations.common.Version   : HCANN000001: Hibernate Commons Annotations {5.1.2.Final}
٢٠٢٢-٠٦-٠٤ ١٧:٣٥:٤٠.٧٠٣  INFO 2627 --- [main] com.zaxxer.hikari.HikariDataSource       : HikariPool-1 - Starting...
٢٠٢٢-٠٦-٠٤ ١٧:٣٥:٤٠.٩١٦  INFO 2627 --- [main] com.zaxxer.hikari.HikariDataSource       : HikariPool-1 - Start completed.
٢٠٢٢-٠٦-٠٤ ١٧:٣٥:٤٠.٩٢٥  INFO 2627 --- [main] org.hibernate.dialect.Dialect            : HHH000400: Using dialect: org.hibernate.dialect.MySQL5InnoDBDialect
٢٠٢٢-٠٦-٠٤ ١٧:٣٥:٤١.٤٠٦  INFO 2627 --- [main] o.h.e.t.j.p.i.JtaPlatformInitiator       : HHH000490: Using JtaPlatform implementation: [org.hibernate.engine.transaction.jta.platform.internal.NoJtaPlatform]
٢٠٢٢-٠٦-٠٤ ١٧:٣٥:٤١.٤١١  INFO 2627 --- [main] j.LocalContainerEntityManagerFactoryBean : Initialized JPA EntityManagerFactory for persistence unit 'default'
٢٠٢٢-٠٦-٠٤ ١٧:٣٥:٤١.٦٥٠  WARN 2627 --- [main] JpaBaseConfiguration$JpaWebConfiguration : spring.jpa.open-in-view is enabled by default. Therefore, database queries may be performed during view rendering. Explicitly configure spring.jpa.open-in-view to disable this warning
٢٠٢٢-٠٦-٠٤ ١٧:٣٥:٤١.٩٠٥  INFO 2627 --- [main] o.s.b.w.embedded.tomcat.TomcatWebServer  : Tomcat started on port(s): 8080 (http) with context path ''
٢٠٢٢-٠٦-٠٤ ١٧:٣٥:٤١.٩١٣  INFO 2627 --- [main] c.e.s.SpringProjectApplication           : Started SpringProjectApplication in 2.991 seconds (JVM running for 3.713)
٢٠٢٢-٠٦-٠٤ ١٧:٣٦:٢٧.٣٠٨  INFO 2627 --- [SpringApplicationShutdownHook] j.LocalContainerEntityManagerFactoryBean : Closing JPA EntityManagerFactory for persistence unit 'default'
٢٠٢٢-٠٦-٠٤ ١٧:٣٦:٢٧.٣١٠  INFO 2627 --- [SpringApplicationShutdownHook] com.zaxxer.hikari.HikariDataSource       : HikariPool-1 - Shutdown initiated...
٢٠٢٢-٠٦-٠٤ ١٧:٣٦:٢٧.٣١٩  INFO 2627 --- [SpringApplicationShutdownHook] com.zaxxer.hikari.HikariDataSource       : HikariPool-1 - Shutdown completed.
٢٠٢٢-٠٦-٠٤ ١٧:٣٦:٢٩.٩٩٢  INFO 2632 --- [main] c.e.s.SpringProjectApplication           : Starting SpringProjectApplication using Java 17.0.2 on MBPalkhasbrenad with PID 2632 (/Users/renad/Desktop/SpringProject/target/classes started by renad in /Users/renad/Desktop/SpringProject)
٢٠٢٢-٠٦-٠٤ ١٧:٣٦:٢٩.٩٩٥  INFO 2632 --- [main] c.e.s.SpringProjectApplication           : No active profile set, falling back to 1 default profile: "default"
٢٠٢٢-٠٦-٠٤ ١٧:٣٦:٣٠.٦١٥  INFO 2632 --- [main] .s.d.r.c.RepositoryConfigurationDelegate : Bootstrapping Spring Data JPA repositories in DEFAULT mode.
٢٠٢٢-٠٦-٠٤ ١٧:٣٦:٣٠.٦٥٧  INFO 2632 --- [main] .s.d.r.c.RepositoryConfigurationDelegate : Finished Spring Data repository scanning in 33 ms. Found 3 JPA repository interfaces.
٢٠٢٢-٠٦-٠٤ ١٧:٣٦:٣٠.٩٨٧  INFO 2632 --- [main] o.s.b.w.embedded.tomcat.TomcatWebServer  : Tomcat initialized with port(s): 8080 (http)
٢٠٢٢-٠٦-٠٤ ١٧:٣٦:٣٠.٩٩٣  INFO 2632 --- [main] o.apache.catalina.core.StandardService   : Starting service [Tomcat]
٢٠٢٢-٠٦-٠٤ ١٧:٣٦:٣٠.٩٩٣  INFO 2632 --- [main] org.apache.catalina.core.StandardEngine  : Starting Servlet engine: [Apache Tomcat/9.0.63]
٢٠٢٢-٠٦-٠٤ ١٧:٣٦:٣١.٠٤٨  INFO 2632 --- [main] o.a.c.c.C.[Tomcat].[localhost].[/]       : Initializing Spring embedded WebApplicationContext
٢٠٢٢-٠٦-٠٤ ١٧:٣٦:٣١.٠٤٨  INFO 2632 --- [main] w.s.c.ServletWebServerApplicationContext : Root WebApplicationContext: initialization completed in 1004 ms
٢٠٢٢-٠٦-٠٤ ١٧:٣٦:٣١.١٣٦  INFO 2632 --- [main] o.hibernate.jpa.internal.util.LogHelper  : HHH000204: Processing PersistenceUnitInfo [name: default]
٢٠٢٢-٠٦-٠٤ ١٧:٣٦:٣١.١٥٦  INFO 2632 --- [main] org.hibernate.Version                    : HHH000412: Hibernate ORM core version 5.6.9.Final
٢٠٢٢-٠٦-٠٤ ١٧:٣٦:٣١.٢٢٣  INFO 2632 --- [main] o.hibernate.annotations.common.Version   : HCANN000001: Hibernate Commons Annotations {5.1.2.Final}
٢٠٢٢-٠٦-٠٤ ١٧:٣٦:٣١.٢٧٧  INFO 2632 --- [main] com.zaxxer.hikari.HikariDataSource       : HikariPool-1 - Starting...
٢٠٢٢-٠٦-٠٤ ١٧:٣٦:٣١.٤٩٣  INFO 2632 --- [main] com.zaxxer.hikari.HikariDataSource       : HikariPool-1 - Start completed.
٢٠٢٢-٠٦-٠٤ ١٧:٣٦:٣١.٥٠٠  INFO 2632 --- [main] org.hibernate.dialect.Dialect            : HHH000400: Using dialect: org.hibernate.dialect.MySQL5InnoDBDialect
٢٠٢٢-٠٦-٠٤ ١٧:٣٦:٣١.٩٩٥  INFO 2632 --- [main] o.h.e.t.j.p.i.JtaPlatformInitiator       : HHH000490: Using JtaPlatform implementation: [org.hibernate.engine.transaction.jta.platform.internal.NoJtaPlatform]
٢٠٢٢-٠٦-٠٤ ١٧:٣٦:٣٢.٠٠١  INFO 2632 --- [main] j.LocalContainerEntityManagerFactoryBean : Initialized JPA EntityManagerFactory for persistence unit 'default'
٢٠٢٢-٠٦-٠٤ ١٧:٣٦:٣٢.٢٤٤  WARN 2632 --- [main] JpaBaseConfiguration$JpaWebConfiguration : spring.jpa.open-in-view is enabled by default. Therefore, database queries may be performed during view rendering. Explicitly configure spring.jpa.open-in-view to disable this warning
٢٠٢٢-٠٦-٠٤ ١٧:٣٦:٣٢.٤٥٠  INFO 2632 --- [main] o.s.b.w.embedded.tomcat.TomcatWebServer  : Tomcat started on port(s): 8080 (http) with context path ''
٢٠٢٢-٠٦-٠٤ ١٧:٣٦:٣٢.٤٥٩  INFO 2632 --- [main] c.e.s.SpringProjectApplication           : Started SpringProjectApplication in 2.694 seconds (JVM running for 3.377)
٢٠٢٢-٠٦-٠٤ ١٧:٣٧:٠٨.٧٤٦  INFO 2632 --- [http-nio-8080-exec-2] o.a.c.c.C.[Tomcat].[localhost].[/]       : Initializing Spring DispatcherServlet 'dispatcherServlet'
٢٠٢٢-٠٦-٠٤ ١٧:٣٧:٠٨.٧٤٧  INFO 2632 --- [http-nio-8080-exec-2] o.s.web.servlet.DispatcherServlet        : Initializing Servlet 'dispatcherServlet'
٢٠٢٢-٠٦-٠٤ ١٧:٣٧:٠٨.٧٤٨  INFO 2632 --- [http-nio-8080-exec-2] o.s.web.servlet.DispatcherServlet        : Completed initialization in 1 ms
٢٠٢٢-٠٦-٠٤ ١٧:٣٧:٠٨.٧٧٦  INFO 2632 --- [http-nio-8080-exec-2] c.e.s.controoller.MyUserControoller      : user are return by method getStudents() 
٢٠٢٢-٠٦-٠٤ ١٧:٣٧:١٣.٥٢٣  INFO 2632 --- [http-nio-8080-exec-3] c.e.s.controoller.MyUserControoller      : user are add by method adduser() 
٢٠٢٢-٠٦-٠٤ ١٧:٣٧:١٥.١٩١  INFO 2632 --- [http-nio-8080-exec-4] c.e.s.controoller.MyUserControoller      : user are add by method adduser() 
٢٠٢٢-٠٦-٠٤ ١٧:٣٧:١٦.٠٠٤  INFO 2632 --- [http-nio-8080-exec-5] c.e.s.controoller.MyUserControoller      : user are add by method adduser() 
٢٠٢٢-٠٦-٠٤ ١٧:٣٧:١٦.٦٧٢  INFO 2632 --- [http-nio-8080-exec-6] c.e.s.controoller.MyUserControoller      : user are add by method adduser() 
٢٠٢٢-٠٦-٠٤ ١٧:٣٧:٢٢.٣٦٤  INFO 2632 --- [http-nio-8080-exec-7] c.e.s.controoller.LonaControoller        : Lona are return by method getLona() 
٢٠٢٢-٠٦-٠٤ ١٧:٣٧:٢٥.٩٦١  INFO 2632 --- [http-nio-8080-exec-8] c.e.s.controoller.LonaControoller        : lona are add by method addLona()
٢٠٢٢-٠٦-٠٤ ١٧:٣٧:٢٦.٦٨٩  INFO 2632 --- [http-nio-8080-exec-9] c.e.s.controoller.LonaControoller        : lona are add by method addLona()
٢٠٢٢-٠٦-٠٤ ١٧:٣٧:٢٧.٤١٤  INFO 2632 --- [http-nio-8080-exec-10] c.e.s.controoller.LonaControoller        : lona are add by method addLona()
٢٠٢٢-٠٦-٠٤ ١٧:٣٧:٢٨.١٦٤  INFO 2632 --- [http-nio-8080-exec-1] c.e.s.controoller.LonaControoller        : lona are add by method addLona()
٢٠٢٢-٠٦-٠٤ ١٧:٣٧:٢٨.٥٠٨  INFO 2632 --- [http-nio-8080-exec-2] c.e.s.controoller.LonaControoller        : lona are add by method addLona()
٢٠٢٢-٠٦-٠٤ ١٧:٣٧:٣١.٥٦١  INFO 2632 --- [http-nio-8080-exec-3] c.e.s.controoller.LonaControoller        : Lona are return by method getLona() 
٢٠٢٢-٠٦-٠٤ ١٧:٣٧:٤٦.٥٨٨  INFO 2632 --- [http-nio-8080-exec-4] c.e.s.controoller.BookControoller        : Book are return by method getBook() 
٢٠٢٢-٠٦-٠٤ ١٧:٣٧:٥٠.٤٩٤  INFO 2632 --- [http-nio-8080-exec-5] c.e.s.controoller.BookControoller        : book are add by method addbook()
٢٠٢٢-٠٦-٠٤ ١٧:٣٧:٥١.٢١٨  INFO 2632 --- [http-nio-8080-exec-6] c.e.s.controoller.BookControoller        : book are add by method addbook()
٢٠٢٢-٠٦-٠٤ ١٧:٣٧:٥١.٨٧١  INFO 2632 --- [http-nio-8080-exec-7] c.e.s.controoller.BookControoller        : book are add by method addbook()
٢٠٢٢-٠٦-٠٤ ١٧:٣٧:٥٢.٥٣١  INFO 2632 --- [http-nio-8080-exec-8] c.e.s.controoller.BookControoller        : book are add by method addbook()
٢٠٢٢-٠٦-٠٤ ١٧:٣٧:٥٣.١٣٩  INFO 2632 --- [http-nio-8080-exec-9] c.e.s.controoller.BookControoller        : book are add by method addbook()
٢٠٢٢-٠٦-٠٤ ١٧:٣٨:٠٥.٢٠٦  INFO 2632 --- [http-nio-8080-exec-10] c.e.s.controoller.BookControoller        : Book are return by method getBook() 
٢٠٢٢-٠٦-٠٤ ١٧:٣٨:٣٣.٩٤٧  WARN 2632 --- [http-nio-8080-exec-1] .w.s.m.s.DefaultHandlerExceptionResolver : Resolved [org.springframework.web.HttpRequestMethodNotSupportedException: Request method 'GET' not supported]
٢٠٢٢-٠٦-٠٤ ١٧:٣٩:٣٤.٥٣٥  INFO 2632 --- [http-nio-8080-exec-3] c.e.s.controoller.BookControoller        : Book id are return by method getAllLendBook() 
٢٠٢٢-٠٦-٠٤ ١٧:٣٩:٤٧.٠٨٤  INFO 2632 --- [http-nio-8080-exec-5] c.e.s.controoller.BookControoller        : Book id are return by method getAllLendBook() 
٢٠٢٢-٠٦-٠٤ ١٧:٣٩:٥١.١١٠  INFO 2632 --- [http-nio-8080-exec-6] c.e.s.controoller.BookControoller        : Book id are return by method getAllLendBook() 
٢٠٢٢-٠٦-٠٤ ١٧:٣٩:٥٧.٥٦٣  INFO 2632 --- [http-nio-8080-exec-7] c.e.s.controoller.BookControoller        : Book id are return by method getAllLendBook() 
٢٠٢٢-٠٦-٠٤ ١٧:٤٠:٠١.٠٧٦  INFO 2632 --- [http-nio-8080-exec-10] c.e.s.controoller.BookControoller        : Book id are return by method getAllLendBook() 
٢٠٢٢-٠٦-٠٤ ١٧:٤٠:٥٠.٩٤٥  INFO 2632 --- [http-nio-8080-exec-1] c.e.s.controoller.BookControoller        : lona book are return by method getlona() 
٢٠٢٢-٠٦-٠٤ ١٧:٤١:٣٤.٥٥٤  INFO 2632 --- [http-nio-8080-exec-2] c.e.s.controoller.BookControoller        : Book id are return by method getAllLendBook() 
٢٠٢٢-٠٦-٠٤ ١٧:٤٢:٤٥.٥٧٩  INFO 2632 --- [http-nio-8080-exec-5] c.e.s.controoller.LonaControoller        : Lona are return by method getLona() 
٢٠٢٢-٠٦-٠٤ ١٧:٤٢:٥٧.٧٤٨  INFO 2632 --- [http-nio-8080-exec-6] c.e.s.controoller.BookControoller        : Book are return by method getBook() 
٢٠٢٢-٠٦-٠٤ ١٧:٤٣:٤٧.١٢٦  INFO 2632 --- [http-nio-8080-exec-7] c.e.s.controoller.BookControoller        : Book id are return by method getAllLendBook() 
٢٠٢٢-٠٦-٠٤ ١٨:٠٤:٠١.٧٢٤  WARN 2632 --- [HikariPool-1 housekeeper] com.zaxxer.hikari.pool.HikariPool        : HikariPool-1 - Retrograde clock change detected (housekeeper delta=29s840ms), soft-evicting connections from pool.
٢٠٢٢-٠٦-٠٤ ١٨:١٣:٤٥.٦٧٨  WARN 2632 --- [HikariPool-1 housekeeper] com.zaxxer.hikari.pool.HikariPool        : HikariPool-1 - Thread starvation or clock leap detected (housekeeper delta=9m43s954ms).
٢٠٢٢-٠٦-٠٤ ١٨:٢٣:٣٣.٠٠٩  WARN 2632 --- [HikariPool-1 housekeeper] com.zaxxer.hikari.pool.HikariPool        : HikariPool-1 - Thread starvation or clock leap detected (housekeeper delta=9m47s332ms).
٢٠٢٢-٠٦-٠٤ ١٨:٣١:١٤.٣٧٣  WARN 2632 --- [HikariPool-1 housekeeper] com.zaxxer.hikari.pool.HikariPool        : HikariPool-1 - Thread starvation or clock leap detected (housekeeper delta=7m10s554ms).
٢٠٢٢-٠٦-٠٤ ١٨:٤١:٢٨.٣٩٢  WARN 2632 --- [HikariPool-1 housekeeper] com.zaxxer.hikari.pool.HikariPool        : HikariPool-1 - Thread starvation or clock leap detected (housekeeper delta=9m44s15ms).
٢٠٢٢-٠٦-٠٤ ١٨:٤٥:١٨.٣٣٥  WARN 2632 --- [HikariPool-1 housekeeper] com.zaxxer.hikari.pool.HikariPool        : HikariPool-1 - Thread starvation or clock leap detected (housekeeper delta=3m19s927ms).
٢٠٢٢-٠٦-٠٤ ١٨:٥٠:٤١.٧٤٢  WARN 2632 --- [HikariPool-1 housekeeper] com.zaxxer.hikari.pool.HikariPool        : HikariPool-1 - Thread starvation or clock leap detected (housekeeper delta=4m53s106ms).
٢٠٢٢-٠٦-٠٤ ١٨:٥١:٥٧.٨٨١  WARN 2632 --- [HikariPool-1 housekeeper] com.zaxxer.hikari.pool.HikariPool        : HikariPool-1 - Thread starvation or clock leap detected (housekeeper delta=46s128ms).
٢٠٢٢-٠٦-٠٤ ١٨:٥٤:٢٦.٩٤٨  WARN 2632 --- [HikariPool-1 housekeeper] com.zaxxer.hikari.pool.HikariPool        : HikariPool-1 - Thread starvation or clock leap detected (housekeeper delta=1m28s936ms).
٢٠٢٢-٠٦-٠٤ ١٨:٥٤:٥٦.٧٩٤  WARN 2632 --- [HikariPool-1 housekeeper] com.zaxxer.hikari.pool.HikariPool        : HikariPool-1 - Retrograde clock change detected (housekeeper delta=29s846ms), soft-evicting connections from pool.
٢٠٢٢-٠٦-٠٤ ١٨:٥٩:١٩.٦٥٢  WARN 2632 --- [HikariPool-1 housekeeper] com.zaxxer.hikari.pool.HikariPool        : HikariPool-1 - Thread starvation or clock leap detected (housekeeper delta=2m45s518ms).
٢٠٢٢-٠٦-٠٤ ١٩:٠٩:٣٣.٨٠١  WARN 2632 --- [HikariPool-1 housekeeper] com.zaxxer.hikari.pool.HikariPool        : HikariPool-1 - Thread starvation or clock leap detected (housekeeper delta=9m44s142ms).
٢٠٢٢-٠٦-٠٤ ١٩:١٣:٢٨.٨٧٧  WARN 2632 --- [HikariPool-1 housekeeper] com.zaxxer.hikari.pool.HikariPool        : HikariPool-1 - Thread starvation or clock leap detected (housekeeper delta=3m25s69ms).
٢٠٢٢-٠٦-٠٤ ١٩:٢٣:١٢.٧٠٥  WARN 2632 --- [HikariPool-1 housekeeper] com.zaxxer.hikari.pool.HikariPool        : HikariPool-1 - Thread starvation or clock leap detected (housekeeper delta=9m43s828ms).
٢٠٢٢-٠٦-٠٤ ١٩:٣٣:٢٦.٥٣٥  WARN 2632 --- [HikariPool-1 housekeeper] com.zaxxer.hikari.pool.HikariPool        : HikariPool-1 - Thread starvation or clock leap detected (housekeeper delta=9m43s819ms).
٢٠٢٢-٠٦-٠٤ ١٩:٤٣:٤٠.٧٧٧  WARN 2632 --- [HikariPool-1 housekeeper] com.zaxxer.hikari.pool.HikariPool        : HikariPool-1 - Thread starvation or clock leap detected (housekeeper delta=9m44s229ms).
٢٠٢٢-٠٦-٠٤ ١٩:٥٣:٥٤.٦٢٤  WARN 2632 --- [HikariPool-1 housekeeper] com.zaxxer.hikari.pool.HikariPool        : HikariPool-1 - Thread starvation or clock leap detected (housekeeper delta=9m43s834ms).
٢٠٢٢-٠٦-٠٤ ٢٠:٠٠:٥٥.٠٠٦  WARN 2632 --- [HikariPool-1 housekeeper] com.zaxxer.hikari.pool.HikariPool        : HikariPool-1 - Thread starvation or clock leap detected (housekeeper delta=7m382ms).
